
15072024	05:10:48	35dead1c-2d1e-4f09-ba93-19f30d8c1e53	GET	/	undefined
15072024	05:10:49	3045e5c6-8672-4e19-896f-53f3cd2754c2	GET	/css/style.css	undefined
15072024	05:14:22	218a2556-2c37-416a-917a-961c552718f3	GET	/	undefined
15072024	05:14:22	8c0fcc1f-da54-47db-b0a2-41be50197f14	GET	/css/style.css	undefined
15072024	05:14:26	13cd7053-53ab-4802-a82f-65b619735bde	GET	/	undefined
15072024	05:14:26	4bede975-7f0b-44ae-b18f-03f33afc82c2	GET	/css/style.css	undefined
15072024	05:14:27	108bcec2-1ba7-4f0a-af06-ea9f504ca4a9	GET	/favicon.ico	undefined
20240715	06:55:34	eb6a4521-43a2-4105-bffc-2977de617e4a	GET	/Users	undefined
20240715	06:57:00	e61d3741-1077-48bb-a551-56173c864337	GET	/users	undefined
20240715	07:00:14	edadc753-e36b-4f34-bf9a-eed41f25a6b6	POST	/users	undefined
20240715	07:01:00	38109114-3dac-400a-84ec-761d0a1b58f2	POST	/users	undefined
20240715	07:01:09	d537e875-fbf8-4323-9a57-1c76a3ec5cee	POST	/users	undefined
20240715	07:01:18	e3841307-b35c-48fa-bee4-270138ce1bb3	POST	/users	undefined
20240715	07:01:26	e69a1ae7-3c57-417e-86ed-74b6c07ce6a2	POST	/users	undefined
20240715	07:01:34	6c098052-6e65-4cf3-8f17-4178d737ab5e	POST	/users	undefined
20240715	07:01:47	a7c41f10-bb4b-479f-9782-7e342b4d913a	POST	/users	undefined
20240715	07:02:10	45f9abe5-0fb3-4541-a100-536a96d4765f	POST	/users	undefined
20240715	07:02:22	5fc77f11-92fe-417f-81d2-216e37f5887a	POST	/users	undefined
20240715	07:02:32	32da70b6-ca3c-4ca1-b68d-8ee682814477	GET	/users	undefined
20240715	07:03:08	2554415e-36b9-4215-a085-9a976f90b30b	DELETE	/users	undefined
20240715	07:03:25	868ee8be-060c-4d25-95e7-04692bdc7ec0	GET	/users	undefined
20240715	07:04:59	741fd195-54b7-4baa-9ff4-b98475261f50	GET	/users	undefined
20240715	07:05:05	55582242-da8a-42bf-973e-ec1aa95ad512	POST	/users	undefined
20240715	07:05:25	71d511a5-05dc-48b9-acab-eb9172016670	POST	/users	undefined
20240715	07:05:34	ae45e0f1-a1a0-47d8-a6c9-6361e03c6df4	POST	/users	undefined
20240715	07:05:44	713581e5-8aa4-41be-9041-09c5a669c59c	POST	/users	undefined
20240715	07:07:08	983ecdb3-e7cf-4171-a137-bd2ff9d98353	POST	/users	undefined
20240715	07:08:01	224706b5-e821-4975-9fdf-4cdab2087f01	POST	/users	undefined
20240715	07:09:54	506e3359-b181-4f48-a9c0-bce1a00cec7d	POST	/users	undefined
20240715	07:10:00	d5f0c9b5-eace-4e1c-9d7a-486815a83d05	GET	/users	undefined
20240715	07:10:19	f1e0919e-c9bb-4b2b-af03-de03cc13e68c	PATCH	/users	undefined
20240715	07:12:46	157bb289-7393-41e2-9007-6fbec7a5c312	PATCH	/users	undefined
20240715	07:12:48	e511da60-5caa-4bef-a1ce-a5e1b8ae450a	PATCH	/users	undefined
20240715	07:13:01	3fbc3e11-2b2f-49ac-b0a3-82230ca6fb9a	PATCH	/users	undefined
20240715	07:13:07	ce427b84-577e-4e13-9569-fc62e2c4237d	PATCH	/users	undefined
20240715	07:13:55	6683ee89-23a9-4b36-8bf3-dd778b3e202c	PATCH	/users	undefined
20240715	07:14:36	c82910ab-488d-4d6b-ad67-39c6c8e9bba4	GET	/users	undefined
20240715	07:16:30	78650be9-5272-413b-8b23-52b47b57811f	GET	/users	undefined
20240715	07:16:47	3fea14a8-5a74-4afe-801a-58dfdffbb20f	POST	/users	undefined
20240715	07:17:00	815bd7f7-5ba5-4a6c-ac59-4455ca26fc4e	PATCH	/users	undefined
20240715	07:17:54	47c42eaa-7e26-4a80-aa57-5313810cc498	PATCH	/users	undefined
20240715	07:18:09	5e0c1dc4-c169-4018-9bf2-77eaa5e5c80d	PATCH	/users	undefined
20240715	07:18:18	19aa1e71-3f46-4515-b109-ebe3c512c1e8	PATCH	/users	undefined
20240715	07:20:16	04184eb0-c9fc-49f0-9406-215b4b8f64f4	DELETE	/users	undefined
20240715	07:23:26	3c98e284-1170-45be-8b20-f601d6b2d672	DELETE	/users	undefined
20240715	07:26:20	0ee8aa83-87a0-4b30-9a64-c68959de2bdf	GET	/users	undefined
20240715	07:26:41	c08a2e93-1ffe-41fd-889d-babf53608c8d	DELETE	/users	undefined
20240715	07:27:00	8030a8a5-7055-42be-9c80-c2e1fd822add	DELETE	/users	undefined
20240715	07:27:33	5d06db2d-6bc2-4596-87ac-1cabdaf554ea	DELETE	/users	undefined
20240715	07:28:38	639d4189-1968-4d2d-a2ed-ebb6b3f86546	DELETE	/users	undefined
20240715	07:28:47	d49b1bd5-748c-4a4e-8a4b-843b0b1323ad	DELETE	/users	undefined
20240715	07:28:54	b00e5d23-1b0f-4e82-ae46-7d129b686934	DELETE	/users	undefined
20240715	07:29:23	afed544c-cabc-4e43-929d-90e46e34ad4c	DELETE	/users	undefined
20240715	07:29:46	38b4d202-2532-4bf6-95f2-fbca3e4739a6	GET	/users	undefined
20240715	07:31:23	c7a094a0-9dfd-4b84-ad1c-3cf16de8b62f	DELETE	/users	undefined
20240715	07:51:04	2dbbc272-2fdb-4cb0-9675-4d24fb05e50d	DELETE	/users	undefined
20240715	07:53:13	45a9f8c0-058a-4d73-8035-7c0a88d37e92	DELETE	/users	undefined
20240715	07:53:40	27b3fe38-7566-4981-b397-ebeea22ee94c	DELETE	/users	undefined
20240715	07:53:49	eb8c4fd7-0185-4cf3-8c54-c81677ae941c	GET	/users	undefined
20240715	07:54:11	e116ab75-cd9a-43c5-9af5-89ead88597f4	DELETE	/users	undefined
20240715	23:02:43	c8818efa-75a0-4228-a95e-82c95a291eb6	GET	/users	http://localhost:3000
20240715	23:03:00	c1718c9c-1844-4271-9136-e1f30d7e1ca3	GET	/users	http://localhost:3000
20240715	23:03:39	debb01ac-3764-4aeb-a128-23ca414bd962	GET	/notes	http://localhost:3000
20240715	23:03:44	9090c74d-fffe-4052-b77a-6d3e35e3ffab	GET	/notes	http://localhost:3000
20240715	23:03:47	d187345f-847f-46e2-ab10-b58dac843a67	GET	/users	http://localhost:3000
20240715	23:06:02	f2fd9766-bcf3-4f9c-84d5-335eafafd970	GET	/users	http://localhost:3000
20240715	23:09:35	c3f753d1-230d-4a96-aaaf-eaf034b7f967	GET	/users	http://localhost:3000
20240715	23:11:28	74496891-2c31-4007-8d14-bbb7d1de3723	GET	/users	http://localhost:3000
20240715	23:13:10	7ba3fbbf-4813-4351-9261-0c7fa8ddd7c7	GET	/notes	http://localhost:3000
20240715	23:16:42	398190ff-25e3-4f37-b9ae-17c82767994f	GET	/users	undefined
20240715	23:16:55	7985f214-19e7-4331-9a52-58323ab31e15	GET	/notes	undefined
20240715	23:19:44	d2b4fba0-d444-4749-85db-188c0e102e45	POST	/notes	undefined
20240715	23:20:01	6c1a7363-cdee-4327-a0ec-7dcdca9f789f	GET	/users	undefined
20240715	23:20:15	f8d2d0f4-e15e-42f4-97c2-23e14951aa6a	POST	/notes	undefined
20240715	23:20:31	2d4e3c94-9ada-4465-bf4f-a311172c1153	GET	/notes	http://localhost:3000
20240715	23:25:29	85ba8e07-d554-4ad6-a615-1176c984a655	GET	/notes	http://localhost:3000
20240715	23:25:44	5a628ecc-6a59-4ba6-b828-f3209837c633	GET	/users	http://localhost:3000
20240715	23:25:54	631d11a7-8f69-442e-a7ec-8c09c2187800	GET	/users	http://localhost:3000
20240715	23:25:56	c5f626db-cb87-43d2-a2e7-2980a86b6610	GET	/notes	http://localhost:3000
20240715	23:27:34	e121bb1e-f37a-4df9-8cbc-8118c783b861	GET	/notes	http://localhost:3000
20240715	23:29:51	ca7c32ef-216c-47b5-9862-17bdb06e161a	GET	/users	http://localhost:3000
20240715	23:29:56	cc6f23d9-7566-4f51-9ae4-91503ebf2c59	GET	/notes	http://localhost:3000
20240715	23:35:42	af97e336-1b49-4ee9-b991-dfec09cbf7a5	GET	/users	http://localhost:3000
20240716	06:28:20	51b37ddf-2585-4502-be08-b249fd0c6b5d	GET	/notes	http://localhost:3000
20240716	06:28:35	2d0f6e3e-88d3-4c09-a83b-64a6b9b9aed0	GET	/users	http://localhost:3000
20240716	06:29:20	8aa8d582-47ff-4950-8df4-fd851bf8349b	GET	/notes	http://localhost:3000
20240716	06:29:35	595e4f04-54e0-43ac-9280-7ba65dfae24e	GET	/users	http://localhost:3000
20240716	06:40:34	27f496e5-afa2-48e8-aeaf-b6f767eb797c	GET	/notes	http://localhost:3000
20240716	06:45:32	d421bf43-f204-4935-87bd-6993a1d36ff2	POST	/notes	undefined
20240716	06:45:47	67bfa806-f92d-4789-b7d7-1d4d7ff5dd88	GET	/notes	http://localhost:3000
20240716	06:56:47	105798d4-0095-48d1-a1ec-7ff08f973102	GET	/users	http://localhost:3000
20240716	07:15:40	551e4cbc-65f3-4ee3-b7c1-9ad452b1e5d2	GET	/users	http://localhost:3000
20240716	07:28:16	967339ea-2f36-469b-93c2-ec6a88e51c3b	GET	/notes	http://localhost:3000
20240716	07:39:48	10d3b037-e1e1-4e7d-86c6-4d1d74da770d	GET	/notes	http://localhost:3000
20240716	07:39:57	271d4bed-5337-4efa-8855-da2256b7a617	GET	/users	http://localhost:3000
20240716	07:47:18	6be8a516-5a99-44bd-88b7-20336125f71f	GET	/users	http://localhost:3000
20240716	07:48:28	9f035806-2954-4f74-8e0b-4b5ed738000f	POST	/users	undefined
20240716	07:48:49	32d75211-65e6-4940-9d2d-d5823c6404cb	POST	/users	undefined
20240716	07:48:59	e9347fc6-4c6e-4c8f-82ee-d260737ae25f	POST	/users	undefined
20240716	07:49:06	c3f2aa63-d8ee-4e81-aec2-e476eeb0879c	POST	/users	undefined
20240716	07:49:12	d1961512-6995-4aff-9d71-d943cf86f4ff	POST	/users	undefined
20240716	07:49:14	ac8b0377-b8de-4286-8ec8-c210d8466760	POST	/users	undefined
20240716	07:49:25	ad0522eb-c026-49b9-a43b-e0422b288284	POST	/users	undefined
20240716	07:49:53	6338142d-3118-4050-bfae-959115cf51d2	POST	/users	undefined
20240716	07:50:03	a52789a2-3b77-4ee4-becb-30b729d31150	GET	/users	http://localhost:3000
20240716	07:50:41	5ce7979a-a8b7-4215-b05d-b0a73e73fa5d	GET	/notes	http://localhost:3000
20240716	08:06:19	5c050a9c-c3dd-441f-ba3c-6cffc914721b	GET	/users	undefined
20240716	08:06:57	15512bca-cc18-46f3-af91-561721ef7016	PATCH	/users	undefined
20240716	08:07:09	155ce5eb-65ae-475b-a8bd-e44c69ee5a38	GET	/notes	http://localhost:3000
20240716	08:11:55	5997f462-9535-4b02-971c-9b37adfd2adf	POST	/notes	undefined
20240716	08:12:06	bfc745eb-61f5-4e02-bf57-a79d50050b03	POST	/notes	undefined
20240716	08:12:29	88236013-50a1-4aea-90e5-83611663b724	POST	/notes	undefined
20240716	08:12:43	83191d51-3ad8-4a1d-96e4-05db62ba2aa8	POST	/notes	undefined
20240716	08:12:50	6d256bac-71d1-46ab-83d5-d1c20218142b	GET	/notes	http://localhost:3000
20240716	08:13:48	985a384c-cb9a-422a-9070-4c2581be044a	GET	/notes	http://localhost:3000
20240716	08:17:04	fd496da5-91fa-44ff-b435-e9b629e9a668	GET	/notes	http://localhost:3000
20240716	08:17:31	c897ec1d-1dc5-4ccb-9866-e3b3d16a9528	GET	/users	undefined
20240716	08:18:54	761c62c3-9802-47b9-9c78-33fac0fa053e	GET	/notes	undefined
20240716	12:56:50	3d8cf666-2c9b-4263-a307-2cb3f175acbd	GET	/notes	http://localhost:3000
20240716	12:57:10	43e3fce9-2552-47f9-ad3b-7ffc4c41c9b3	GET	/notes	http://localhost:3000
20240716	13:01:06	8c8e01cc-fca3-4c60-9099-ae60d0f64f4d	POST	/notes	undefined
20240716	13:01:14	4c7c4533-c78f-47b9-8b64-edc9be36f1a3	GET	/notes	undefined
20240716	13:01:47	d8c85013-475b-4f11-99ef-8e8e967af373	GET	/notes	http://localhost:3000
20240716	13:07:51	b42156dd-fabf-4c9f-9175-95dd05171f72	GET	/notes	http://localhost:3000
20240716	13:08:32	33cc7b91-ad39-4e6b-ab8f-27d7c4c790fb	GET	/notes	http://localhost:3000
20240716	13:08:38	dd8113d3-7eac-4130-9ea1-cc69c0728ccf	GET	/users	http://localhost:3000
20240716	13:09:54	0dfe0cf8-571b-4a6d-8923-eb4827e442ad	GET	/notes	http://localhost:3000
20240716	13:36:11	d3736482-7591-4eae-bb31-b9e6c3264cde	GET	/users	http://localhost:3000
20240716	13:36:35	a1e0cf93-2443-40a6-b2d7-3701440e1709	GET	/users	http://localhost:3000
20240716	13:48:34	58a85a5c-193a-4c62-afa9-3e3b52f9d1f8	GET	/notes	http://localhost:3000
20240716	13:50:51	f1f940c5-ed03-4ee3-9fc1-39502d2621f0	GET	/users	http://localhost:3000
20240716	13:50:51	72c8fae9-a525-47a4-a5fa-7fd3893b39a1	GET	/notes	http://localhost:3000
20240716	13:58:57	748d004d-6d2d-4311-9bf7-bef56e100468	GET	/users	http://localhost:3000
20240716	13:59:18	cd24b6f0-0608-4cf1-96af-d2be17cdfc97	OPTIONS	/users	http://localhost:3000
20240716	13:59:18	a85cd982-a5e1-4fb5-b4af-bf79023ecba1	DELETE	/users	http://localhost:3000
20240716	13:59:18	9b15337e-5692-4399-bd50-4b30027618ce	GET	/users	http://localhost:3000
20240716	13:59:23	91ccc585-a391-48fc-b907-4e1c3204ee50	OPTIONS	/users	http://localhost:3000
20240716	13:59:23	fef041b3-b9fe-4777-9a97-1098bcf50710	PATCH	/users	http://localhost:3000
20240716	13:59:23	12c225ae-b524-458b-9cfc-ed2d9032f439	GET	/users	http://localhost:3000
20240716	20:18:10	b5ffd83c-f5ef-4f08-91df-53c14cf4239b	GET	/notes	http://localhost:3000
20240716	20:18:10	11cb4dfa-351d-459d-8f3f-d5b52f8b49e3	GET	/users	http://localhost:3000
20240717	04:50:12	307ebd3b-c46b-4f8a-9ef6-7d5165129ff3	GET	/notes	http://localhost:3000
20240717	04:50:12	7ffa823c-d34e-46e0-b99e-6405a6eb18f3	GET	/users	http://localhost:3000
20240717	04:54:22	e02791ac-e8f4-46f4-af8f-a0d0122e8678	GET	/notes	http://localhost:3000
20240717	04:54:22	4a0b8997-a55b-46e9-8e17-eefb2263712b	GET	/users	http://localhost:3000
20240717	05:25:45	ae209ba9-c28b-4b0c-a9b6-1e20a82dbb57	GET	/notes	http://localhost:3000
20240717	05:25:45	29fc7466-d9c8-4133-a882-8ca912cc5165	GET	/users	http://localhost:3000
20240717	05:45:54	710450bc-ad1d-415d-9407-1e38efababc7	GET	/notes	http://localhost:3000
20240717	05:45:54	3d14bce8-2301-4220-85ad-9c046dc6c62c	GET	/users	http://localhost:3000
20240717	06:16:03	b4d79ded-6e79-40df-81c3-3df02382f35c	GET	/notes	http://localhost:3000
20240717	06:16:03	5f966943-0441-4ec0-905c-5e91a16e4971	GET	/users	http://localhost:3000
20240717	12:05:30	d579b243-4fd1-4b47-9cd1-29719cecdc30	GET	/users	http://localhost:3000
20240717	12:05:30	a09b3ceb-0a81-467f-9476-63e79d06210f	GET	/notes	http://localhost:3000
20240717	12:07:11	330a60d9-6341-4111-9858-822e2f0b367f	GET	/notes	http://localhost:3000
20240717	12:07:11	9506a344-f04a-4f90-b40e-bf1cb133ff37	GET	/users	http://localhost:3000
20240717	12:07:51	3428d43f-649b-4df9-8272-7337cb170c32	GET	/notes	http://localhost:3000
20240717	12:07:51	7b18a245-1d6d-4f0a-b3e3-5def2079ca01	GET	/users	http://localhost:3000
20240717	12:13:05	cdd04be9-f5dc-4009-9039-6ef253e93e69	GET	/notes	http://localhost:3000
20240717	12:13:05	fdab6aa2-7319-410d-8a2a-a627ba880b76	GET	/users	http://localhost:3000
20240717	12:13:35	3c732cbf-2859-49f4-9f42-143aae0f319a	GET	/users	http://localhost:3000
20240717	12:13:35	f96ff871-ee35-4a36-8a64-a93e5d9c5e4c	GET	/notes	http://localhost:3000
20240717	12:13:46	32b97ed8-a0f7-412e-8d1a-066f43f00e7f	GET	/notes	http://localhost:3000
20240717	12:13:46	564b6d4d-e54d-4ef8-9a35-c18dee22f4f2	GET	/users	http://localhost:3000
20240717	12:20:18	656e74cc-396c-4b07-b208-e22a704a749e	GET	/notes	http://localhost:3000
20240717	12:20:18	7e647581-7b85-4f48-a1b7-62c4691472ab	GET	/users	http://localhost:3000
20240717	12:34:41	61ef43fc-ad8f-40a7-9caa-2381c3272e39	OPTIONS	/users	http://localhost:3000
20240717	12:34:41	bfb8e5c5-8b36-40c6-b119-143986a67671	DELETE	/users	http://localhost:3000
20240717	12:34:41	80b19bbb-5af3-48d9-92fc-cd8d25dfdf7d	GET	/users	http://localhost:3000
20240717	12:34:49	f1389282-d02b-47a4-a5ef-187f303861f7	OPTIONS	/users	http://localhost:3000
20240717	12:34:49	e6e77cbe-50e4-4cd4-ab66-73e03f6c340c	PATCH	/users	http://localhost:3000
20240717	12:34:49	263cdb13-ce40-4602-819a-f6c0b044544d	GET	/users	http://localhost:3000
20240717	12:35:23	028cdfc9-6f6c-4e16-8648-0b4073f2cf2e	OPTIONS	/users	http://localhost:3000
20240717	12:35:23	3401fb8c-4b6c-4a3b-be61-4668fa01ecf9	DELETE	/users	http://localhost:3000
20240717	12:35:23	40a6d9df-9ddb-4635-941c-e472540e3cd7	GET	/users	http://localhost:3000
20240717	12:35:24	73d333dd-7d16-4b83-a9a2-64900bffd9ec	DELETE	/users	http://localhost:3000
20240717	12:35:25	48a8b545-adde-4f3e-a916-fdb3376f3472	GET	/users	http://localhost:3000
20240717	12:35:44	4f7ece07-1b05-4c65-9ca2-b37c3bdcfb94	OPTIONS	/users	http://localhost:3000
20240717	12:35:44	2162ce00-669d-4f59-82ff-edfa83602802	DELETE	/users	http://localhost:3000
20240717	12:35:44	6b776ba9-d3d1-49e8-8f79-ccacb311a3b8	GET	/users	http://localhost:3000
20240717	12:35:56	78685de6-8a45-49dc-ae8e-3a64335bbb7c	OPTIONS	/users	http://localhost:3000
20240717	12:35:56	e987bbee-3a05-4f36-be86-8f3294bcbfaa	DELETE	/users	http://localhost:3000
20240717	12:35:56	699e687a-3f25-456e-9548-94e7118d4036	GET	/users	http://localhost:3000
20240717	12:36:06	aeddf886-0d2e-4307-b6ba-a9dec4b5a2cc	OPTIONS	/users	http://localhost:3000
20240717	12:36:06	573335e2-6960-4e3e-b50f-c8a8ad0245b7	DELETE	/users	http://localhost:3000
20240717	12:36:06	984512b5-af9e-4cab-8fc6-c872c147caa7	GET	/users	http://localhost:3000
20240717	12:36:16	e5565f55-4565-463e-9b64-65b6eb430b00	OPTIONS	/users	http://localhost:3000
20240717	12:36:16	6e6d318a-fb8a-42de-a10b-db7162883dab	DELETE	/users	http://localhost:3000
20240717	12:36:16	e2c1a53c-ac6f-464c-af12-ea43dc57a1b9	GET	/users	http://localhost:3000
20240717	12:37:19	1282667b-2706-4bb2-92f0-829fbcf36da9	OPTIONS	/users	http://localhost:3000
20240717	12:37:19	56a7497c-1539-48bc-a00b-54bedd4cc2ee	DELETE	/users	http://localhost:3000
20240717	12:37:19	1bac988f-bfad-4692-914b-25dbf7acf266	GET	/users	http://localhost:3000
20240717	12:37:23	fc308832-a975-405b-b765-3dd9abd14757	DELETE	/users	http://localhost:3000
20240717	12:37:23	091fa9dc-20d3-4d97-805d-6e645c207707	GET	/users	http://localhost:3000
20240717	12:37:24	bc9d7b5d-3407-4a82-829c-74d0689e944e	DELETE	/users	http://localhost:3000
20240717	12:37:24	edbbea79-88b6-4769-911e-be497a31b185	GET	/users	http://localhost:3000
20240717	12:40:04	93a65f64-343c-421d-bd7c-69bfd7f0dd6d	OPTIONS	/notes	http://localhost:3000
20240717	12:40:04	a3c14587-c849-4427-92f9-dd4d497c589b	POST	/notes	http://localhost:3000
20240717	12:40:04	6df9fe4f-ee6d-46f5-9f40-930d14a5db1a	GET	/notes	http://localhost:3000
20240717	13:10:37	9735c274-fe02-4672-a2be-7e8448a0068b	OPTIONS	/users	http://localhost:3000
20240717	13:10:37	4dff89f9-9523-4671-88df-b89a65846ce8	DELETE	/users	http://localhost:3000
20240717	13:10:37	cb70cbba-695f-4c57-b737-5a53b923ba27	GET	/users	http://localhost:3000
20240717	13:16:19	9a8a602b-5332-4fc2-9c6e-ffcf8e71842c	GET	/users	http://localhost:3000
20240717	13:16:19	2569a9c4-50da-45a1-ac43-6fefa7d4e159	GET	/notes	http://localhost:3000
20240717	13:17:18	0d611c80-eec5-49dc-8e7b-51e429ea2ae7	OPTIONS	/users	http://localhost:3000
20240717	13:17:18	537ca0ee-d418-43af-a0a6-da51d6aa71c0	DELETE	/users	http://localhost:3000
20240717	13:17:18	b5902d38-ed1e-4eb3-9800-6c1346afb8ca	GET	/users	http://localhost:3000
20240717	13:17:28	0601d4c1-7f55-4531-b07d-e19e7a0843d8	GET	/notes	http://localhost:3000
20240717	13:17:28	ca9328d0-a33a-4757-a2da-c10131a0b601	GET	/users	http://localhost:3000
20240717	13:19:56	b7bb277d-f07e-4991-b8cf-470b69502eca	GET	/notes	http://localhost:3000
20240717	13:19:56	7e3cf220-58e1-45e0-a6c5-a5b3dc40c768	GET	/users	http://localhost:3000
20240717	13:20:49	adeea372-fece-4d1c-b23f-88a4461f9767	GET	/notes	http://localhost:3000
20240717	13:20:49	c2b449b3-e312-422d-90ee-1d2db2bf04ae	GET	/users	http://localhost:3000
20240717	14:42:05	c4c7992e-f2bf-40cb-a379-27e9107291f1	GET	/notes	http://localhost:3000
20240717	14:42:05	e158f323-5f3c-41ee-8922-8193433c058d	GET	/users	http://localhost:3000
20240717	14:49:18	7a0bd595-073c-4330-a4dd-eed838470e72	GET	/users	http://localhost:3000
20240717	14:49:18	40dede89-a2af-45ae-b40c-def0f9857672	GET	/notes	http://localhost:3000
20240717	14:51:24	c44872e3-3bcb-48f5-b189-d6f3d0a7be36	GET	/notes	http://localhost:3000
20240717	14:51:24	3cb0fa61-0808-46a0-90e4-4ad7be143e2c	GET	/users	http://localhost:3000
20240722	04:00:55	43fb9d00-cc1e-46b8-8fbc-2909864e458d	GET	/notes	http://localhost:3000
20240722	04:00:55	e7f90a15-3b3a-454f-b8a7-11a0aecccc06	GET	/users	http://localhost:3000
20240722	04:04:02	52c41573-c655-4578-a791-d017a5b6bf2a	OPTIONS	/users	http://localhost:3000
20240722	04:04:02	1c9c59ed-29b0-43a7-80a5-aa4ef72cfed3	PATCH	/users	http://localhost:3000
20240722	04:04:03	c2d38b0a-940a-498e-98f5-f05f678acda2	GET	/users	http://localhost:3000
20240722	04:06:38	14b93e98-1288-4de6-92f6-17d4cb374324	GET	/users	http://localhost:3000
20240722	04:06:38	b263e787-572f-47a9-9621-0192d2934791	GET	/notes	http://localhost:3000
20240722	04:07:31	94028fd8-f8f9-4576-b756-7b5ea0a3f819	GET	/notes	http://localhost:3000
20240722	04:07:31	adc549b3-ab1d-4657-ae53-05e5d87af97e	GET	/users	http://localhost:3000
20240722	04:22:45	7a76b37c-57c0-4c16-af36-988698e49dcc	GET	/notes	http://localhost:3000
20240722	04:22:45	22ed78fe-0995-49e8-b19a-62d32b1a21cd	GET	/users	http://localhost:3000
20240722	04:23:14	eb710455-a927-468a-a230-50abe5ee9a4f	GET	/notes	http://localhost:3000
20240722	04:23:14	f1deba01-3ab9-43ca-be28-6c70c3bbb094	GET	/users	http://localhost:3000
20240722	04:25:31	17ee94f7-1a35-41df-be8b-d1e72d30fb5b	POST	/users	undefined
20240722	04:25:51	14832119-502e-4840-8374-a76a125808be	POST	/users	undefined
20240722	04:26:00	610bfde8-e824-46d3-829e-497adbc63568	GET	/notes	http://localhost:3000
20240722	04:26:00	9ff19e20-e954-4f90-88f5-a348217fc3ad	GET	/users	http://localhost:3000
20240722	04:40:30	2b01ac93-81ab-460c-abb2-779c50232493	OPTIONS	/notes	http://localhost:3000
20240722	04:40:30	23f495fd-df69-4322-a2f5-5c069768e4cc	POST	/notes	http://localhost:3000
20240722	04:40:31	15664625-7353-4247-80ce-c3b044dba774	GET	/notes	http://localhost:3000
20240722	04:49:04	77f3ccb5-eca5-4597-b0f7-ce76aacba956	GET	/notes	http://localhost:3000
20240722	04:49:04	33b6fb87-757c-4ade-a23a-88b4b2e887c2	GET	/users	http://localhost:3000
20240722	04:49:38	cf9c9234-74c1-4326-a9cd-0ac2ca8bb5db	GET	/users	undefined
20240722	04:53:15	146782d0-ce54-4c51-af22-f4892f17aa51	GET	/notes	http://localhost:3000
20240722	04:53:15	213292f1-1003-4d1c-b82a-8c1adb8593ad	GET	/users	http://localhost:3000
20240722	04:53:42	e62dc8d0-4967-454c-811c-611cb8eca20f	GET	/notes	http://localhost:3000
20240722	04:53:42	d8604be8-d073-47c1-a561-2ade3d2480bb	GET	/users	http://localhost:3000
20240722	04:58:55	7a8b3544-0360-4134-93c7-3e6d68fad9d7	OPTIONS	/notes	http://localhost:3000
20240722	04:58:55	ad26e679-baf5-4e5e-ba52-5786d50f75ac	POST	/notes	http://localhost:3000
20240722	04:58:55	8d604218-0111-49a6-8e8e-468969f068c6	GET	/notes	http://localhost:3000
20240722	04:59:25	bf5ac342-1f8e-44f9-a7d9-b642517b013e	OPTIONS	/notes	http://localhost:3000
20240722	04:59:25	081ea47c-778d-4a98-97e2-f654ddb591d9	POST	/notes	http://localhost:3000
20240722	04:59:25	4aefbed7-2717-4aaf-82a1-dfb33b975044	GET	/notes	http://localhost:3000
20240722	05:00:03	1078fe17-d6f0-45a7-9ed0-0733e76f41d9	GET	/notes	http://localhost:3000
20240722	05:00:03	6bbe6c5f-88c7-4ab7-a7bf-f759126f66cd	GET	/users	http://localhost:3000
20240722	05:01:37	2b1b557d-ad1c-4811-a47c-d9c4a7ebf681	GET	/notes	http://localhost:3000
20240722	05:01:37	738b4356-d5e5-42c3-a605-ca73cac8af64	GET	/users	http://localhost:3000
20240722	05:02:25	710d0c02-aaf2-4e63-aaef-2c98709239c4	GET	/notes	http://localhost:3000
20240722	05:02:25	9aac699c-111c-495f-abb1-b1fcdc6e11be	GET	/users	http://localhost:3000
20240722	05:02:50	813f8bac-5cc7-423f-94a0-78eb29688a2a	GET	/users	http://localhost:3000
20240722	05:02:50	46a85ae3-3dd9-4b8c-a7ee-901d7554d1af	GET	/notes	http://localhost:3000
20240722	05:03:39	7a61213e-6e14-4d03-9eb7-347589e83545	GET	/notes	http://localhost:3000
20240722	05:03:39	21d63b18-8864-4401-be60-0ccf8e776132	GET	/users	http://localhost:3000
20240722	05:03:57	60f67b45-310f-49a1-94a0-b9da3f2d4bd4	OPTIONS	/users	http://localhost:3000
20240722	05:03:57	e5fcceb7-842f-4380-87a8-391feaedfbe6	POST	/users	http://localhost:3000
20240722	05:03:57	41470764-255e-4cf2-a881-eed8db0e2c9d	GET	/users	http://localhost:3000
20240722	05:04:51	4b23e180-14d0-4d11-9430-b5b0f4173ffd	GET	/notes	http://localhost:3000
20240722	05:04:51	4036d3b8-c472-4d78-ac13-130ea3abec52	GET	/users	http://localhost:3000
20240722	05:05:59	c703b8c6-f679-40d5-880f-43341a28fe28	OPTIONS	/users	http://localhost:3000
20240722	05:05:59	50c945be-03fd-4b30-a5ac-a968e6ca486b	DELETE	/users	http://localhost:3000
20240722	05:05:59	9d5aa446-4402-45e4-9c6e-fbcd58c84dc1	GET	/users	http://localhost:3000
20240722	05:06:41	485640ae-d397-41fc-a510-cbb7a729abae	GET	/users	http://localhost:3000
20240722	05:06:41	c046be7d-8f74-47a4-9194-1b2616a9cd85	GET	/notes	http://localhost:3000
20240722	05:07:03	a6ec28b6-43da-44ee-abb9-fd83ebe2ccf3	OPTIONS	/users	http://localhost:3000
20240722	05:07:03	a67dc334-9377-40bd-a870-aa0eabe8afb8	POST	/users	http://localhost:3000
20240722	05:07:03	2cc84e77-7667-4607-8b6f-c4fd9b31462d	GET	/users	http://localhost:3000
20240722	05:07:42	530868d9-8dc2-45c3-a25f-b3fb6f295ae1	GET	/notes	http://localhost:3000
20240722	05:07:42	be4fd9d6-7434-44fb-ad12-bf1e7cf23330	GET	/users	http://localhost:3000
20240722	05:10:41	8242da3c-2ce9-4cdf-90ca-3baec43d4b71	GET	/notes	http://localhost:3000
20240722	05:10:41	94e0c750-6106-4150-8b17-ffaeb20a376d	GET	/users	http://localhost:3000
20240722	05:10:57	9ad0f226-fe56-471e-bdad-78619f4c51c8	OPTIONS	/users	http://localhost:3000
20240722	05:10:57	62f9f981-0e3f-4cf1-ac1a-92d0ce63e6a1	POST	/users	http://localhost:3000
20240722	05:10:57	473fa44e-6665-4d0c-abc7-b88103e3a5c5	GET	/users	http://localhost:3000
20240722	05:11:03	a3a9e612-630d-4462-bcea-f5902e3fa97a	OPTIONS	/users	http://localhost:3000
20240722	05:11:03	a8633055-ae20-4c57-80ff-cb77e455ee83	DELETE	/users	http://localhost:3000
20240722	05:11:03	53d054c3-2371-4f3d-9ba0-776e630ba238	GET	/users	http://localhost:3000
20240722	05:11:26	0346cd4a-d398-4ece-a645-136e7612c885	GET	/users	http://localhost:3000
20240722	05:11:26	3e8537d9-29ee-4e86-9fb7-73d808eb6bbc	GET	/notes	http://localhost:3000
20240722	05:11:37	ad80e828-5eb1-47c5-975a-56005341514f	OPTIONS	/users	http://localhost:3000
20240722	05:11:37	630cb95e-987e-4842-b7fd-0bf7cd3fa83b	POST	/users	http://localhost:3000
20240722	05:11:37	c33d94d3-38ea-4d9e-b988-c70107439a4a	GET	/users	http://localhost:3000
20240722	05:12:06	b396f038-06b5-42cf-9f90-a24d74a35b4d	OPTIONS	/users	http://localhost:3000
20240722	05:12:06	575a9b83-d801-4dac-bf34-395eb8ef354e	POST	/users	http://localhost:3000
20240722	05:12:06	5328312d-fb5e-49ad-a64b-a99ab5d1101f	GET	/users	http://localhost:3000
20240722	05:30:33	c2b00a0a-2111-4891-bbd6-bf0f99b5c7c7	GET	/users	http://localhost:3000
20240722	05:30:33	e4dd33b7-45c4-4090-a8b1-94d9c1c862b4	GET	/notes	http://localhost:3000
20240722	05:32:03	0024f27c-da26-4ea9-a73a-d677fd506e3b	OPTIONS	/users	http://localhost:3000
20240722	05:32:03	d08479f8-eb14-4b4d-bcd7-92d65d417a7e	DELETE	/users	http://localhost:3000
20240722	05:32:03	6d887882-e535-4dc8-a2ed-f9993f04d0c0	GET	/users	http://localhost:3000
20240722	05:33:13	5b706281-7607-4bb4-adc0-4eb31fc1a7f9	GET	/users	undefined
20240722	05:33:49	f1f6271b-eba4-43c1-ba39-10e938046440	GET	/users	http://localhost:3000
20240722	05:33:49	99234a2c-61a3-46f0-963d-5afcf720c6af	GET	/notes	http://localhost:3000
20240722	05:34:02	25c3248e-0a6d-4e09-9124-95419d314e5a	GET	/notes	http://localhost:3000
20240722	05:34:02	e922cfe2-dfa3-4708-a0a7-1868c7641cd1	GET	/users	http://localhost:3000
20240722	05:37:33	20fb34ec-0862-4710-b0fc-818849c05d83	GET	/notes	http://localhost:3000
20240722	05:37:33	095465cb-1288-46c5-a337-350247f8d3ee	GET	/users	http://localhost:3000
20240722	05:39:02	f53bd6fd-9ea2-4bf0-a2d4-524429bf7731	GET	/users	http://localhost:3000
20240722	05:39:02	b3783e53-997f-4edd-9a4f-d7fe9f876e3e	GET	/notes	http://localhost:3000
20240722	05:57:18	e35ccfd6-8592-4220-b081-d8ff0e9bd972	OPTIONS	/users	http://localhost:3000
20240722	05:57:18	92373ef2-e74e-4689-ba41-67eca114820a	PATCH	/users	http://localhost:3000
20240722	05:57:18	75123084-a8dd-4eb3-b3fa-2e0261757732	GET	/users	http://localhost:3000
20240722	06:00:30	dacd8809-efe7-496f-bda0-f7a37c0add8d	GET	/notes	http://localhost:3000
20240722	06:00:30	d86f7d16-485a-4779-adf0-3b09a6710b62	GET	/users	http://localhost:3000
20240722	06:02:26	cc27dcac-f70a-49a6-8527-a5f353c2c340	GET	/notes	http://localhost:3000
20240722	06:02:26	1073a7a9-ecbc-4551-819a-19880b85c721	GET	/users	http://localhost:3000
20240722	06:14:50	1aabdb14-d162-49d2-a076-4d2552f80f6b	OPTIONS	/users	http://localhost:3000
20240722	06:14:50	9ecd71b1-d7c3-4f9c-9a74-f06ab325d7ae	DELETE	/users	http://localhost:3000
20240722	06:14:50	deea95cc-fc16-42f7-aad3-52e1a08f9bfe	GET	/users	http://localhost:3000
20240722	06:16:06	a1dfa4d6-273d-4ae5-a727-468eac0127ec	GET	/users	http://localhost:3000
20240722	06:16:06	bbf646c9-eb39-4f50-be35-1974b70d4753	GET	/notes	http://localhost:3000
20240722	06:16:21	a28fb253-43e2-468e-92be-6f6d9ea7f73d	OPTIONS	/users	http://localhost:3000
20240722	06:16:21	b805edf5-6b79-4941-9648-7b793bf4c0c3	PATCH	/users	http://localhost:3000
20240722	06:16:21	7a789150-c89d-408e-80f2-a26fdee8795f	GET	/users	http://localhost:3000
20240722	06:16:31	b9592017-f93d-44b9-9700-3638de1d02fb	OPTIONS	/users	http://localhost:3000
20240722	06:16:31	b19f9da7-bcef-44c7-a087-79da1ba6ceda	PATCH	/users	http://localhost:3000
20240722	06:16:31	b598b25e-4efe-4452-bdc1-b723cc7ad151	GET	/users	http://localhost:3000
20240722	06:16:59	e6315cb7-a954-4b77-a7ae-cf52a2a92804	OPTIONS	/users	http://localhost:3000
20240722	06:16:59	24e5d544-b55f-457c-bfcc-7ce6acb0c65f	PATCH	/users	http://localhost:3000
20240722	06:17:00	7a7bcc45-3cbf-40fc-8cea-5a0441ec8f9a	GET	/users	http://localhost:3000
20240722	06:17:12	dfe13f2f-1ccf-46f0-9baa-d77ea9d68f7c	OPTIONS	/users	http://localhost:3000
20240722	06:17:12	07c21e45-018d-47ec-83b0-0a856ea2cf06	PATCH	/users	http://localhost:3000
20240722	06:17:12	989d7eb6-17c6-47a6-8971-e1232d88b55c	GET	/users	http://localhost:3000
20240722	06:17:16	04cb7938-9aa3-44b8-8328-6d169d7b3ba6	PATCH	/users	http://localhost:3000
20240722	06:17:16	91988c44-a6cc-438d-b20a-f12baf346cba	GET	/users	http://localhost:3000
20240722	06:17:22	442deaaa-62a8-48ff-9b80-0bb154bb167a	OPTIONS	/users	http://localhost:3000
20240722	06:17:22	3f02be21-f03a-42e4-9158-2b87a35d3ab7	PATCH	/users	http://localhost:3000
20240722	06:17:22	433a48cc-f5c0-4409-b3ac-5c5e222ffba6	GET	/users	http://localhost:3000
20240722	06:17:34	09d198bd-d64f-432a-ac8b-cf14f618b992	OPTIONS	/users	http://localhost:3000
20240722	06:17:34	1bfea818-4eb1-4602-9abe-a28d0f6beaa7	PATCH	/users	http://localhost:3000
20240722	06:17:34	87e5a2a6-d98b-4e46-a6dd-afd3f4272d6d	GET	/users	http://localhost:3000
20240722	06:18:12	132bf1c0-09b2-4aa4-962c-8e29b2a75e28	GET	/users	http://localhost:3000
20240722	06:18:12	f9bd2d6e-6404-43c3-a0f2-785478bc083a	GET	/notes	http://localhost:3000
20240722	06:18:27	4600b48d-216a-4b06-99f4-853ed0b61d18	OPTIONS	/users	http://localhost:3000
20240722	06:18:27	0dbbc0fe-bd9c-4c9a-960e-19047a5f37c2	POST	/users	http://localhost:3000
20240722	06:18:27	61c2c08d-689a-4b70-a91e-a03b0445823c	GET	/users	http://localhost:3000
20240722	06:28:01	cd5a4bff-572c-45c5-9473-f5bc14cad7f1	GET	/notes	http://localhost:3000
20240722	06:28:01	b2de2b87-34ee-4370-ab14-1b5d82dc831a	GET	/users	http://localhost:3000
20240722	06:28:03	9a353b19-79d3-4d0f-8a8f-fef6e19e9d76	OPTIONS	/users	http://localhost:3000
20240722	06:28:03	797a8ae6-6b25-48f0-b891-44a97d796dd0	PATCH	/users	http://localhost:3000
20240722	06:28:03	bfbfc53c-f47e-4053-a8dd-b0b529164cd6	GET	/users	http://localhost:3000
20240722	06:29:36	baea28d3-b77d-4810-9652-f2564e536705	GET	/users	http://localhost:3000
20240722	06:29:36	5538cb06-1555-4f35-adbe-f2cd24901cd1	GET	/notes	http://localhost:3000
20240722	06:29:39	07695151-58b1-4446-a7ca-506d19679663	OPTIONS	/users	http://localhost:3000
20240722	06:29:39	5f3954fa-48b0-4250-8c9c-90a55c8b3c29	DELETE	/users	http://localhost:3000
20240722	06:29:39	578b604e-d788-49fb-9488-f111ecd3a6be	GET	/users	http://localhost:3000
20240722	06:29:55	6510202b-b57f-4f5b-9321-371cb4b48f76	OPTIONS	/users	http://localhost:3000
20240722	06:29:55	454644fe-4391-4042-ab35-06037f8428de	POST	/users	http://localhost:3000
20240722	06:29:55	6c23a3ee-ea1f-43ee-99da-5df327f49965	GET	/users	http://localhost:3000
20240722	06:35:26	30a8d7c4-ea30-4398-8ef6-943b06d3627a	GET	/notes	http://localhost:3000
20240722	06:35:26	5b1151fe-f338-4529-a610-0d9a49c3328e	GET	/users	http://localhost:3000
20240722	06:36:07	8b5a542e-1bb7-40fb-9066-999b4f48ba2b	GET	/users	http://localhost:3000
20240722	06:36:07	2aabeec5-3097-44a5-86c7-62e62121fd91	GET	/notes	http://localhost:3000
20240722	06:36:50	9ba671da-434e-4cbe-9746-4d2954a20302	GET	/users	http://localhost:3000
20240722	06:36:50	6bbfc02e-1f7b-403f-a784-4d53d9ecfd05	GET	/notes	http://localhost:3000
20240722	06:40:11	0ba11f3d-b313-4e9a-8948-f426f51cbd9d	GET	/notes	http://localhost:3000
20240722	06:40:11	45cf58cb-4d47-408c-a57c-e2a9b7dccac2	GET	/users	http://localhost:3000
20240722	06:40:11	d6aa9ecb-32db-4f33-a5e4-53e4138680b5	GET	/users	http://localhost:3000
20240722	06:42:23	f8cefe8c-4081-4a8e-a506-f386f1e143b6	GET	/notes	http://localhost:3000
20240722	06:42:23	7ddffd9d-c272-4a9e-a961-7e8a04c375e3	GET	/users	http://localhost:3000
20240722	06:56:44	e5a42136-c998-43df-b165-a47b823c5f85	GET	/users	http://localhost:3000
20240722	06:56:44	d5a517c6-d86d-4ac1-953d-c8e978dd1ed3	GET	/notes	http://localhost:3000
20240722	07:04:07	3fcda998-d63f-4845-bb4d-2dce195fbee1	OPTIONS	/notes	http://localhost:3000
20240722	07:04:07	34f9e4a5-14b5-4a6a-aac9-dd2e1117a3cb	PATCH	/notes	http://localhost:3000
20240722	07:04:07	7b7fd365-0ba3-4818-a892-4e6b35b74f2b	GET	/notes	http://localhost:3000
20240722	07:04:19	174be1c4-04f7-4b14-97ce-6191c91e63c9	OPTIONS	/notes	http://localhost:3000
20240722	07:04:19	fdbe45ae-6bf2-47b0-8051-bac300ee0a4d	PATCH	/notes	http://localhost:3000
20240722	07:04:19	e33ddab5-4885-4069-83ec-f97a2659e0ec	GET	/notes	http://localhost:3000
20240722	07:04:39	288a8d14-1ccc-452f-b36e-6eaa5be7e844	OPTIONS	/users	http://localhost:3000
20240722	07:04:39	fc1a73b7-f743-461c-a8e0-62f0a8be46ef	PATCH	/users	http://localhost:3000
20240722	07:04:39	69692c09-791e-48dd-9ad6-76ec1dc64f06	GET	/users	http://localhost:3000
20240722	07:04:48	d0d358c6-db64-447a-beff-690233a22622	OPTIONS	/users	http://localhost:3000
20240722	07:04:48	803462b4-0ae0-4b19-beff-26a8e7ca23d2	PATCH	/users	http://localhost:3000
20240722	07:04:48	07c91b77-2bfd-43b5-9e8e-771a876d1931	GET	/users	http://localhost:3000
20240722	07:05:45	311df04f-c781-4c51-bdb2-d2274fe5d0f7	GET	/users	http://localhost:3000
20240722	07:05:45	33f6e08f-fd1f-40a6-bbb5-7bc21395a542	GET	/notes	http://localhost:3000
20240722	07:06:00	053ecebe-ac45-434d-ae50-3722de915de6	OPTIONS	/users	http://localhost:3000
20240722	07:06:00	d94ab362-4afe-425f-bfff-9fccfdb91369	PATCH	/users	http://localhost:3000
20240722	07:06:00	7ecb1b73-9391-440b-a7ac-156730184ee6	GET	/users	http://localhost:3000
20240722	07:06:53	22d5954b-0901-44d3-81e0-88b979f4446e	GET	/notes	http://localhost:3000
20240722	07:06:53	564eeeaf-975f-449a-91be-7f55804aa9c4	GET	/users	http://localhost:3000
20240722	07:09:10	e67c0192-f1b9-48db-b412-627b55e9534d	GET	/notes	http://localhost:3000
20240722	07:09:10	43bb2cf0-230e-49e8-9b27-447d7c7544fb	GET	/users	http://localhost:3000
20240722	07:14:02	47a70f8b-11a4-42c6-afec-f56a4c0cb86f	GET	/notes	http://localhost:3000
20240722	07:14:02	19b13d00-f391-4696-9187-1f2a2b445332	GET	/users	http://localhost:3000
20240722	07:14:50	22df50c6-1bf1-4411-8bfb-8027790e3160	GET	/users	http://localhost:3000
20240722	07:14:50	e039d3e9-29b3-4d68-be56-251373bfc691	GET	/notes	http://localhost:3000
20240722	07:14:59	f63487ba-18a9-4e89-a343-517f767ade35	OPTIONS	/users	http://localhost:3000
20240722	07:14:59	a79e817a-b6f1-4561-887f-6da3f3c0d49a	POST	/users	http://localhost:3000
20240722	07:14:59	4447f19f-3255-46eb-8bf3-b03328e3fa35	GET	/users	http://localhost:3000
20240722	07:15:34	aac89504-7d85-488e-b765-be98e506611c	OPTIONS	/users	http://localhost:3000
20240722	07:15:34	83554674-cf87-4330-a61a-f9006ebfe938	PATCH	/users	http://localhost:3000
20240722	07:15:34	02da21e5-9bb1-4803-8d46-3cb8a11311e1	GET	/users	http://localhost:3000
20240722	07:20:02	a92c312d-38d0-4725-a1f9-a82e5cf784e8	GET	/notes	http://localhost:3000
20240722	07:20:02	53b6fb08-40f8-419b-9bf6-41e8866018ed	GET	/users	http://localhost:3000
20240722	07:20:59	6466aa68-0a4e-4ccc-8a5c-5d8782dcf50e	OPTIONS	/users	http://localhost:3000
20240722	07:20:59	adc0f279-63a5-408b-939c-321651b1459a	DELETE	/users	http://localhost:3000
20240722	07:20:59	3311199e-94f3-4645-8787-f955f2010e7c	GET	/users	http://localhost:3000
20240722	07:28:09	9e6f2b93-3fbd-43de-8f0f-ec4c0927a093	OPTIONS	/users	http://localhost:3000
20240722	07:28:09	9d29156d-0798-4f9c-81e8-7972e69bbe73	PATCH	/users	http://localhost:3000
20240722	07:28:10	e626cb22-f9ab-4609-bfd6-894296b38a7f	GET	/users	http://localhost:3000
20240722	07:28:18	34a1e435-1981-4026-98c5-3bcd29d85ff8	OPTIONS	/users	http://localhost:3000
20240722	07:28:18	731cd7a1-05f5-4288-896d-5a52e6d15c56	PATCH	/users	http://localhost:3000
20240722	07:28:18	6691a831-bfb9-4ea7-9eaa-49e1a9970fb6	GET	/users	http://localhost:3000
20240722	07:33:09	93f2ed7a-a583-4095-a0da-1710d6fc548b	GET	/notes	http://localhost:3000
20240722	07:33:09	91b0718a-616b-4a28-97ac-24ba37e877c9	GET	/users	http://localhost:3000
20240722	07:35:19	430eed3b-c4b8-4179-85d8-4b06fad08d2e	GET	/notes	http://localhost:3000
20240722	07:35:19	b3182ad6-5fab-43ca-866f-e6caf4df144e	GET	/users	http://localhost:3000
20240722	07:35:39	d733de4a-caf5-4be4-ba61-461d810420b6	GET	/notes	http://localhost:3000
20240722	07:35:39	87db8db8-14ad-425b-bc14-2db02393f4be	GET	/users	http://localhost:3000
20240722	07:37:48	add812fa-0d7a-4e1a-84c3-7cfc1f5aff30	GET	/notes	http://localhost:3000
20240722	07:37:48	541269c7-0668-4bd7-b537-423347280b9f	GET	/users	http://localhost:3000
20240722	07:40:00	c2c640f7-adc7-4c77-a1c2-c7917ab388e7	GET	/notes	http://localhost:3000
20240722	07:40:00	1abe4f21-b8d5-4b75-8e8d-64cd9ddd062b	GET	/users	http://localhost:3000
20240722	07:40:14	2366436c-2f2b-429c-9769-ca2ba0b6bae7	GET	/users	http://localhost:3000
20240722	07:40:14	e1422843-298f-49a5-9716-700033c1dd13	GET	/notes	http://localhost:3000
20240722	07:40:22	f79c64cb-7cfa-4dee-955a-85581171d2d1	GET	/users	http://localhost:3000
20240722	07:40:22	8efb6e1b-a49b-4ebf-9214-031b978f1628	GET	/notes	http://localhost:3000
20240722	07:42:16	9a7ea947-1666-4801-990b-e4bd9561dcc4	GET	/notes	http://localhost:3000
20240722	07:42:16	42b2b0c2-0228-4d21-a11b-40a42cd4b591	GET	/users	http://localhost:3000
20240722	07:42:30	9cf0eb57-ce55-4287-8037-f2631d889738	OPTIONS	/users	http://localhost:3000
20240722	07:42:30	b0b5ff75-2655-46a3-9066-209fc3bef043	POST	/users	http://localhost:3000
20240722	07:42:30	87832cd1-70ff-4639-aefc-909343a74964	GET	/users	http://localhost:3000
20240722	07:42:35	4ceb60d1-8cd3-4bd0-baa4-5e28a4c517c0	OPTIONS	/users	http://localhost:3000
20240722	07:42:35	0b4bd2c4-f724-4787-9ef5-a29359b19fdf	DELETE	/users	http://localhost:3000
20240722	07:42:36	69bb4152-15af-4652-9c16-9832bbdd1333	GET	/users	http://localhost:3000
20240722	07:52:57	3144250c-b767-48b4-ab97-afdf77e64108	OPTIONS	/users	http://localhost:3000
20240722	07:52:57	37d21fe6-5381-46dc-8558-25fcb7b6f206	POST	/users	http://localhost:3000
20240722	07:52:57	ba742651-2bce-44dd-a26d-7f56002c5992	GET	/users	http://localhost:3000
20240722	07:53:12	4273cdd9-d4f1-4834-845a-b1fed90bbb98	OPTIONS	/users	http://localhost:3000
20240722	07:53:12	70703f66-c94d-4dea-a3b0-c9caf473fedb	POST	/users	http://localhost:3000
20240722	07:53:12	3fdca882-8dd2-4ab9-a1a6-46ae253be504	GET	/users	http://localhost:3000
20240722	07:54:08	db2708b2-8da9-40d8-849a-d2c0920a3ad2	GET	/users	http://localhost:3000
20240722	07:54:08	e2777dfe-61fc-4815-9556-613e8a04cbe5	GET	/notes	http://localhost:3000
20240722	07:54:21	fede6478-eb23-4703-9f0b-ff2f63b875bb	OPTIONS	/users	http://localhost:3000
20240722	07:54:21	42efa44b-777f-4a95-b191-f31459f83deb	POST	/users	http://localhost:3000
20240722	07:54:21	29259502-b095-4a8d-9608-d7611f4478a5	GET	/users	http://localhost:3000
20240722	07:54:47	6912161d-eff5-4f12-b290-04a5b56792f3	OPTIONS	/users	http://localhost:3000
20240722	07:54:47	3ee578ee-5c08-42cf-a120-95892d6b1e7d	POST	/users	http://localhost:3000
20240722	07:54:47	129f41cf-7c33-4b06-8036-eaa7ad9d074e	GET	/users	http://localhost:3000
20240722	07:54:49	08675f67-798b-400d-8bcf-85f5e3381d8d	POST	/users	http://localhost:3000
20240722	07:54:49	23940017-faf6-48ff-b176-714855d2058c	GET	/users	http://localhost:3000
20240722	07:54:51	27fca6e2-0d84-4614-88b7-b18671db2ed6	GET	/notes	http://localhost:3000
20240722	07:54:51	c672bb89-30a4-483a-84e1-1f551e04124b	GET	/users	http://localhost:3000
20240722	07:55:00	d803cdff-bf7e-427d-b640-440bdcf7b26a	OPTIONS	/users	http://localhost:3000
20240722	07:55:00	b846abed-14fd-409e-a3d1-9e57c0909c48	POST	/users	http://localhost:3000
20240722	07:55:00	3bd90987-1485-474e-9acd-59ee7e241982	GET	/users	http://localhost:3000
20240722	07:55:07	4eb6e59a-7086-4adf-b68c-ae420ae9a4d6	OPTIONS	/users	http://localhost:3000
20240722	07:55:07	00f415f3-3215-449e-b93b-d156e27c25e1	POST	/users	http://localhost:3000
20240722	07:55:07	a27e3d6e-c351-436a-811f-069b56de7649	GET	/users	http://localhost:3000
20240722	07:57:11	0eac0684-7f02-46be-b4e4-36c9a21b7219	GET	/notes	http://localhost:3000
20240722	07:57:11	50835330-84fc-476c-acfd-3fdb370c2998	GET	/users	http://localhost:3000
20240722	07:57:20	f69e82b2-ad87-4e12-a1f1-1eae5bb1dc06	OPTIONS	/users	http://localhost:3000
20240722	07:57:20	5101e06f-1072-4fa7-9d50-ce8e82b15797	POST	/users	http://localhost:3000
20240722	07:57:20	45df6863-06ed-4f91-8941-ee8e21103210	GET	/users	http://localhost:3000
20240722	07:57:24	446deb18-8b8a-4648-a5c0-c9c3c6b1578f	POST	/users	http://localhost:3000
20240722	07:57:24	eb828091-cf49-4972-8ea7-cb80ea0ccf54	GET	/users	http://localhost:3000
20240722	07:57:48	1bbceaef-cd46-4749-aad0-e9164c38ddd7	OPTIONS	/users	http://localhost:3000
20240722	07:57:48	a05f3c2a-97cb-4c7e-8302-847f087e5630	POST	/users	http://localhost:3000
20240722	07:57:48	9334dd83-cd53-4966-aec7-1af2fb03fad0	GET	/users	http://localhost:3000
20240722	07:57:50	451979df-aa0a-42a4-93f1-e18a8d5d19c1	POST	/users	http://localhost:3000
20240722	07:57:50	8b41f07c-12b0-43e3-930e-dca53dfc9274	GET	/users	http://localhost:3000
20240722	07:57:50	116c66cb-e3e4-4fe5-accf-d8fe1ac25de5	POST	/users	http://localhost:3000
20240722	07:57:50	c86baffc-2177-49e6-bd22-5c04547035dd	GET	/users	http://localhost:3000
20240722	07:57:52	94318b8d-5521-4193-98ad-47164407f765	POST	/users	http://localhost:3000
20240722	07:57:52	4d166fff-ae72-44dc-a1e0-edb1913d3045	GET	/users	http://localhost:3000
20240722	07:57:54	2da6db4c-fe3a-4338-9e0a-7068d9bf7652	OPTIONS	/users	http://localhost:3000
20240722	07:57:54	ec0d033f-f897-482a-bdb1-4c62ff18f373	POST	/users	http://localhost:3000
20240722	07:57:54	087e16c3-823d-4927-8100-9e4d6e0ee407	GET	/users	http://localhost:3000
20240722	07:57:56	217b2e4b-2830-4a09-8a20-14b7aaa85e9e	GET	/notes	http://localhost:3000
20240722	07:57:56	c3a3b46c-9538-40c1-be09-2a512b9df18d	GET	/users	http://localhost:3000
20240722	07:58:04	342a01a9-7139-4375-8602-973f13eda707	OPTIONS	/users	http://localhost:3000
20240722	07:58:04	20522cbc-7019-43d2-8654-43822e6b55b9	POST	/users	http://localhost:3000
20240722	07:58:04	2fb27fff-21b8-499e-8c0a-a670f4e1afdd	GET	/users	http://localhost:3000
20240722	07:58:21	4ac0a03e-a804-44ff-b2bb-9e0d02d572ad	OPTIONS	/users	http://localhost:3000
20240722	07:58:21	59aee468-3ec1-417a-b61e-2b6ce6dff164	POST	/users	http://localhost:3000
20240722	07:58:21	7e8e65a5-784b-4a4b-98d8-65be2cbd3379	GET	/users	http://localhost:3000
20240722	07:58:30	c26fb0c9-04b3-4ce6-8f44-37bf4bd4d66a	OPTIONS	/users	http://localhost:3000
20240722	07:58:30	2aae525b-ed23-4c1f-8bf0-f42c5685c19d	POST	/users	http://localhost:3000
20240722	07:58:30	54582789-8875-47e7-9116-1d6874e7997a	GET	/users	http://localhost:3000
20240722	07:58:37	b3e789da-f5de-4805-a069-7080c6e81a45	OPTIONS	/users	http://localhost:3000
20240722	07:58:37	940a1f00-2dd2-4395-90a0-b3cd414523a8	POST	/users	http://localhost:3000
20240722	07:58:37	96857e53-958e-4803-83fe-cfbc44456de5	GET	/users	http://localhost:3000
20240722	07:59:06	6caff9c6-6144-445e-9866-4d2775f4c83b	OPTIONS	/users	http://localhost:3000
20240722	07:59:06	2a96d8e4-ef50-4462-913e-90d309944979	POST	/users	http://localhost:3000
20240722	07:59:06	d21cb7d8-ddbb-4e99-b5e2-40de4423cdfe	GET	/users	http://localhost:3000
20240722	09:16:59	9d302575-a002-41eb-b72e-2c3e5407cf39	GET	/notes	http://localhost:3000
20240722	09:16:59	2827a64d-ab13-4407-a849-bceb32359612	GET	/users	http://localhost:3000
20240722	16:21:09	8732fd22-a2ea-4913-afb5-b7c4fc551a9d	GET	/users	http://localhost:3000
20240722	16:21:09	46fc7cc0-8f48-4b88-9d1a-196c80e7f2d5	GET	/notes	http://localhost:3000
20240722	16:21:48	38c2b504-e2a7-431a-b134-841c2501c3a6	OPTIONS	/notes	http://localhost:3000
20240722	16:21:48	cc54bf30-04c9-4bc3-9e9e-0f68decaf50d	PATCH	/notes	http://localhost:3000
20240722	16:21:49	1030eb09-47fe-4788-8bb8-f9a1f19a435f	GET	/notes	http://localhost:3000
20240722	16:21:54	9016e839-e2b4-4dfa-9e3e-2a2219e63ee6	OPTIONS	/notes	http://localhost:3000
20240722	16:21:54	13ed4eff-24b3-4a86-8fc3-f549ce52e6ca	PATCH	/notes	http://localhost:3000
20240722	16:21:54	eba8e715-6c50-4c42-9626-709ce596275c	GET	/notes	http://localhost:3000
20240722	16:22:58	8061c66c-e4b3-4e93-88aa-e96f78502f0c	OPTIONS	/notes	http://localhost:3000
20240722	16:22:58	cf64da6c-20da-4b97-b75e-f40414467524	POST	/notes	http://localhost:3000
20240722	16:22:58	9f2b965b-d19b-4c33-b2b0-4930eed95868	GET	/notes	http://localhost:3000
20240722	16:23:08	1e6ea228-190f-4cae-877a-9e2f338b4e41	OPTIONS	/notes	http://localhost:3000
20240722	16:23:08	5c3c2ef8-204f-4ed7-b073-1aaa75155212	DELETE	/notes	http://localhost:3000
20240722	16:23:08	644c5887-f5ab-4167-adb8-e788b910f483	GET	/notes	http://localhost:3000
20240722	16:29:47	ae4c6577-9215-41eb-be74-5b6328af1e2f	GET	/notes	http://localhost:3000
20240722	16:29:47	0d7b28a3-0be1-49a8-a5eb-7cff25f06387	GET	/users	http://localhost:3000
20240722	16:37:34	532d32cd-4545-4ee3-aed2-1c1f0f513aaa	GET	/users	http://localhost:3000
20240722	16:37:34	2fa739da-a20c-46b3-8e0b-c1f05c40d745	GET	/notes	http://localhost:3000
20240722	16:38:03	d8f65f17-788d-4e2b-9857-36e5b3b11d1d	OPTIONS	/notes	http://localhost:3000
20240722	16:38:03	517f4d49-9744-4094-9af1-4fd8a95443dc	PATCH	/notes	http://localhost:3000
20240722	16:38:04	db8ca3f0-f706-4a19-ae5e-8e4b213a9493	GET	/notes	http://localhost:3000
20240722	16:42:30	bb6d2b35-3842-4c83-a9f5-fe211db9feb6	GET	/notes	http://localhost:3000
20240722	16:42:30	a5c365a9-abb8-4a75-b26f-8b38eeae1d3c	GET	/users	http://localhost:3000
20240722	16:56:53	e588947c-c7a5-4e22-bd5f-8e09a2d24f8c	OPTIONS	/notes	http://localhost:3000
20240722	16:56:53	261a00e9-11b6-46be-9c91-78908d2b37c2	PATCH	/notes	http://localhost:3000
20240722	16:57:10	ef7747d5-0394-4d99-affe-d11675509b26	GET	/notes	http://localhost:3000
20240722	16:57:11	a7316467-4da5-4451-8078-38ac1d60738b	OPTIONS	/notes	http://localhost:3000
20240722	16:57:15	af5ea618-ae0f-4fa9-9982-a06f783b3302	PATCH	/notes	http://localhost:3000
20240722	16:57:19	f1a55d0e-f559-4f40-92ea-6412ecaff0f9	GET	/notes	http://localhost:3000
20240722	16:57:30	31695f6b-9aa5-494f-842f-7e8ea69e1325	OPTIONS	/notes	http://localhost:3000
20240722	16:57:30	d4b1b218-142c-43bf-ac8c-841ef82ce64e	PATCH	/notes	http://localhost:3000
20240722	16:57:34	224ba006-247f-4d5d-b24e-dfc786635c9d	GET	/notes	http://localhost:3000
20240722	17:00:22	ea4dd022-9582-4989-a572-d01982489e38	OPTIONS	/notes	http://localhost:3000
20240722	17:00:22	8933724a-62fd-4e56-aefb-d32686f2ccdf	DELETE	/notes	http://localhost:3000
20240722	17:00:23	7cd60fbf-1bcc-4ae9-aad7-0af216724d58	GET	/notes	http://localhost:3000
20240722	17:00:28	ca7f3435-ebec-4c9b-bc1d-5cee927d208c	OPTIONS	/notes	http://localhost:3000
20240722	17:00:28	80006fbc-e489-4708-a689-af10fa6a54dd	PATCH	/notes	http://localhost:3000
20240722	17:00:28	336de5f0-d4aa-4688-b53f-8c6d2188839a	GET	/notes	http://localhost:3000
20240722	17:00:33	035d59c7-1445-4b77-a186-d32d2329dc5c	OPTIONS	/notes	http://localhost:3000
20240722	17:00:33	49cd4af4-7cef-4735-96a3-3e4cb3ed3bad	PATCH	/notes	http://localhost:3000
20240722	17:00:33	df886168-e945-4017-a1f5-3a01d3e59b54	GET	/notes	http://localhost:3000
20240722	17:11:32	d7430d59-c7b4-4514-b4de-d80492c863cf	OPTIONS	/users	http://localhost:3000
20240722	17:11:32	495827b5-d859-4acd-a615-95039b32557f	PATCH	/users	http://localhost:3000
20240722	17:11:33	29ef89a3-a853-4368-96ac-8e6bf64a6db0	GET	/users	http://localhost:3000
20240722	17:12:06	e983d0fd-26c8-47be-866d-dfd2e1387b83	GET	/users	http://localhost:3000
20240722	17:12:06	7c246149-e7d7-4df9-b0bd-364e69b82aef	GET	/notes	http://localhost:3000
20240722	17:14:54	ed925fb2-ede3-4a2e-8f64-5f3214a057d3	OPTIONS	/users	http://localhost:3000
20240722	17:14:54	96754565-276c-4c7a-b487-b8ed370ca34d	PATCH	/users	http://localhost:3000
20240722	17:14:54	8507a7c7-ca5c-4040-8e22-4d303d02e5e0	GET	/users	http://localhost:3000
20240722	17:14:58	7748f259-f30e-49ed-92be-1ec074dd4f3b	PATCH	/users	http://localhost:3000
20240722	17:14:59	89e9edc5-0583-4139-a925-893aeb1c75de	GET	/users	http://localhost:3000
20240722	17:15:08	902bc949-bec5-4151-b1ad-f8eeb9af99d1	OPTIONS	/users	http://localhost:3000
20240722	17:15:08	072c3aa1-1000-455d-87c5-9464f57439c5	PATCH	/users	http://localhost:3000
20240722	17:15:13	7dd8834e-85db-4886-ab19-9c2c595d4064	GET	/users	http://localhost:3000
20240722	17:15:44	497f8172-5506-430b-b411-bc8c6b3e0bb4	OPTIONS	/users	http://localhost:3000
20240722	17:15:44	134fb5b4-5d65-47ec-befd-239eaeab744f	PATCH	/users	http://localhost:3000
20240722	17:15:44	19d76af4-e643-4a5b-9f6a-ce8d09064627	GET	/users	http://localhost:3000
20240722	17:17:28	e503fbf9-e25e-4964-86e2-9ec052d7fb7d	OPTIONS	/users	http://localhost:3000
20240722	17:17:28	3010f2a8-8435-4d84-ac4a-c6474e49bba6	PATCH	/users	http://localhost:3000
20240722	17:17:49	6d77b394-c479-4f2d-a20c-9d9ae56e3f64	OPTIONS	/users	http://localhost:3000
20240722	17:17:50	7595a99b-45ed-4584-9a0c-993b31438318	PATCH	/users	http://localhost:3000
20240722	17:17:51	0c527f6d-4249-4208-9c3a-35be0f087e6b	PATCH	/users	http://localhost:3000
20240722	17:17:56	51245baf-39a3-49fb-b073-75548f49eee5	OPTIONS	/users	http://localhost:3000
20240722	17:18:04	db05f1c7-6232-4696-b2e8-d0281ac0efeb	PATCH	/users	http://localhost:3000
20240722	17:18:04	faaf2834-3b67-4a6f-b602-51872e6826d9	PATCH	/users	http://localhost:3000
20240722	17:18:04	5282c382-f99e-416b-8dad-0edc1bd7aa76	PATCH	/users	http://localhost:3000
20240722	17:18:04	c45d76d9-ddda-4665-86eb-0fcdade6f5c7	PATCH	/users	http://localhost:3000
20240722	17:18:06	7e8988f1-839b-4d87-a923-49c3caac3616	GET	/users	http://localhost:3000
20240722	17:18:06	fc24a203-94df-4acc-8bbd-b5b23d84936b	GET	/notes	http://localhost:3000
20240722	17:21:15	20778eb8-e067-4c2b-a4a5-e78d64cebc37	OPTIONS	/users	http://localhost:3000
20240722	17:21:15	c5af3138-3153-4b51-9e56-73d2f8d17bb3	PATCH	/users	http://localhost:3000
20240722	17:21:15	06705716-2064-4fc8-ac86-a272a5f7ab08	GET	/users	http://localhost:3000
20240722	17:21:36	04a43144-ba38-4c32-9f84-1b7fd1d1a1a6	OPTIONS	/users	http://localhost:3000
20240722	17:21:36	6ee6bddf-9e8a-4c83-bd7d-3312a13ea332	PATCH	/users	http://localhost:3000
20240722	17:21:36	a82d909f-7653-4204-9dd8-313aed462079	GET	/users	http://localhost:3000
20240722	17:21:48	71486393-8a84-4b4a-9845-365c5f7cb459	OPTIONS	/users	http://localhost:3000
20240722	17:21:48	5ad26e6c-f391-48f7-bf02-0db780f21f53	PATCH	/users	http://localhost:3000
20240722	17:21:55	8e6582fb-8258-4f4d-953d-94afc083add9	PATCH	/users	http://localhost:3000
20240722	17:22:02	b6cf634c-97ac-4e6b-8b64-8b0c113b3ff8	OPTIONS	/users	http://localhost:3000
20240722	17:22:02	d57776da-85e0-4f72-a7cb-8e851452d628	PATCH	/users	http://localhost:3000
20240722	17:22:04	cad5e05c-9c6b-4483-a942-37182ad2d390	PATCH	/users	http://localhost:3000
20240722	17:22:04	17864114-015f-4bc8-9458-36c2b16af2ab	PATCH	/users	http://localhost:3000
20240722	17:22:12	ed3b2261-e67a-4466-af2e-812198326f79	OPTIONS	/users	http://localhost:3000
20240722	17:22:12	8f977489-ead9-45ca-8ced-9d304c93660b	DELETE	/users	http://localhost:3000
20240722	17:22:13	1af1b7db-4f2c-419c-8be4-1db344bb039f	DELETE	/users	http://localhost:3000
20240722	17:22:16	b7f6f5d5-2eee-4335-a2a4-6e3be82e311e	GET	/users	http://localhost:3000
20240722	17:22:16	9cc27d2a-a236-4280-93ae-ed928e975d7a	GET	/notes	http://localhost:3000
20240722	17:22:41	40269b6f-56cd-47b2-9dc3-fb2b648845c6	OPTIONS	/users	http://localhost:3000
20240722	17:22:41	ed0a0744-d2e5-4d4e-9f88-ff19c48c918b	PATCH	/users	http://localhost:3000
20240722	17:22:42	f16c9d0b-0bc9-40d6-99bc-d3bcd04f811d	GET	/users	http://localhost:3000
20240722	17:23:23	c1efecec-6ad2-4ca6-9f20-a2cea2b48b93	GET	/notes	http://localhost:3000
20240722	17:23:23	50c12b7d-ee05-4d07-9f9e-b9561e423313	GET	/users	http://localhost:3000
20240722	17:23:47	901ac31d-14d8-4d5e-a914-03714f86b310	OPTIONS	/users	http://localhost:3000
20240722	17:23:47	697b2a20-ecd1-4fd5-83ee-00af025b2d6c	PATCH	/users	http://localhost:3000
20240722	17:23:50	340401f8-378c-4907-8982-04d01c97bea5	OPTIONS	/users	http://localhost:3000
20240722	17:23:50	b1ca0333-dea6-4581-802d-cb7bef9e7f12	DELETE	/users	http://localhost:3000
20240722	17:30:02	daa95e57-9d92-4a1b-bcf1-3cdaa64760e9	GET	/users	http://localhost:3000
20240722	17:30:02	28c451e2-d83c-4cf4-9528-46c52611ec69	GET	/notes	http://localhost:3000
20240722	17:30:32	0c080bef-4a1b-4ba6-9752-cef46068531f	OPTIONS	/users	http://localhost:3000
20240722	17:30:32	51477f3e-9277-4db8-a62a-78606827e9d4	PATCH	/users	http://localhost:3000
20240722	17:30:32	f146cf17-144a-4d8a-9de1-795baf5da50c	GET	/users	http://localhost:3000
20240722	17:30:38	0b0a3951-ce61-41bc-a4f8-e3a4700f115b	OPTIONS	/users	http://localhost:3000
20240722	17:30:38	36adfcbd-790a-4b0b-97b5-f2e7d191e787	PATCH	/users	http://localhost:3000
20240722	17:30:42	2ba27f3c-d0e2-4a6e-aa55-7e9d9b7be649	PATCH	/users	http://localhost:3000
20240722	17:30:43	5d4f19b9-bdb9-4fb1-b178-058cd9a59d28	GET	/users	http://localhost:3000
20240722	17:32:22	81a4396e-497d-43b9-aeeb-db3acd6fd8a1	OPTIONS	/users	http://localhost:3000
20240722	17:32:22	505840b2-fd55-488e-9a8e-31bd5c7f57b4	PATCH	/users	http://localhost:3000
20240722	17:32:35	50cc218b-5226-448f-8b67-dd572b738241	GET	/users	http://localhost:3000
20240722	17:37:26	f29cc109-a173-4453-a85f-4e4ecc5efbf7	GET	/notes	http://localhost:3000
20240722	17:37:26	7a4d1c64-a56d-4932-8e30-b2cdca105a61	GET	/users	http://localhost:3000
20240722	17:38:30	00350876-1994-430f-939a-4c939152ff16	GET	/notes	http://localhost:3000
20240722	17:38:30	87ae9f28-f6f4-495b-a812-3dfe8302e22a	GET	/users	http://localhost:3000
20240722	17:38:52	f917acf1-30cb-40e7-b9b0-d91827183c2a	GET	/users	http://localhost:3000
20240722	17:38:52	1423b35c-6e6f-476c-afd7-5038253a37bb	GET	/notes	http://localhost:3000
20240722	17:44:50	f9b18581-0b01-49b3-a52f-5e80ea2a5c6c	OPTIONS	/notes	http://localhost:3000
20240722	17:44:50	8035a1a5-5d70-4847-920c-71056e71fc96	PATCH	/notes	http://localhost:3000
20240722	17:45:12	a98b4be7-32b6-4d46-8850-98571291c06a	GET	/notes	http://localhost:3000
20240722	17:45:12	aa01f0d1-c958-4b9c-a529-62d0e4845bba	GET	/users	http://localhost:3000
20240722	17:45:24	04763de5-7262-43d6-aded-cdbfcb84a84a	OPTIONS	/notes	http://localhost:3000
20240722	17:45:24	a31a2f12-7f43-419e-a854-3282ad9bc60a	PATCH	/notes	http://localhost:3000
20240722	17:45:24	0a4e0f5c-2d93-426b-954a-8ff83c5cf0de	GET	/notes	http://localhost:3000
20240722	17:46:03	5ca6663b-a0b7-4b74-9819-494a1cdd7dd4	OPTIONS	/notes	http://localhost:3000
20240722	17:46:03	1dedff72-cfe0-46d1-8b3d-4f84a124e640	PATCH	/notes	http://localhost:3000
20240722	17:46:03	e035bca5-70e7-46b2-add8-3dbd3b38f46d	GET	/notes	http://localhost:3000
20240722	17:46:15	9a779a1a-4e86-4680-9016-4e085fd200e4	OPTIONS	/notes	http://localhost:3000
20240722	17:46:15	d397f631-3a58-4d5e-adb9-59b725bfd78b	DELETE	/notes	http://localhost:3000
20240722	17:46:15	eaef5657-6dc2-4787-bd46-16f8e04deb7d	GET	/notes	http://localhost:3000
20240722	17:46:33	49046fef-1e48-4e2a-b9e5-517ef652e5aa	OPTIONS	/users	http://localhost:3000
20240722	17:46:33	b3c9434b-f357-44fd-bbd7-28793c37c684	DELETE	/users	http://localhost:3000
20240722	17:46:33	945f011f-42de-43e8-9550-004c7b9fc75a	GET	/users	http://localhost:3000
20240722	17:49:15	5fdf8150-ac4c-4b54-8f89-02093b0a1a66	OPTIONS	/users	http://localhost:3000
20240722	17:49:15	2ffe02dd-0fc5-4f44-afe6-f7202c655b01	DELETE	/users	http://localhost:3000
20240722	17:49:15	050a350c-3825-4846-a422-27a3480263dc	GET	/users	http://localhost:3000
20240722	17:50:04	3358af1e-1ccf-46dc-9239-fa14ab494188	OPTIONS	/users	http://localhost:3000
20240722	17:50:04	44a6f144-cc62-458c-a033-d13aeb06378a	PATCH	/users	http://localhost:3000
20240722	17:50:05	5bada175-d039-4e10-a090-5fbe54b10350	GET	/users	http://localhost:3000
20240722	17:51:46	d6ad24a9-f3e4-4587-9af2-53eca772c025	OPTIONS	/users	http://localhost:3000
20240722	17:51:46	af9fa880-68b9-47e0-b31c-cd0a1cc6d411	PATCH	/users	http://localhost:3000
20240722	17:51:49	90a8af41-c67f-4caf-8640-7d84d9081b93	GET	/users	http://localhost:3000
20240722	17:52:46	cf45aabe-08ee-4393-93f9-66b3522ecc7d	OPTIONS	/users	http://localhost:3000
20240722	17:52:46	1060446c-6d95-49df-82cd-1dd5a9f0c7ef	PATCH	/users	http://localhost:3000
20240722	17:52:46	36db3ac8-ab23-4d2e-96b6-3ebed2dbb03c	GET	/users	http://localhost:3000
20240722	17:54:57	b6743e86-a44f-4e41-a15c-57531d49a032	OPTIONS	/users	http://localhost:3000
20240722	17:54:57	0354e901-da2d-4bc3-89fe-ab514522da0d	PATCH	/users	http://localhost:3000
20240722	17:54:57	d7b02d9f-de71-42fc-bc10-918c93625284	GET	/users	http://localhost:3000
20240722	17:55:06	92bf0f99-83af-479f-bd6b-ef97cc61727f	OPTIONS	/users	http://localhost:3000
20240722	17:55:06	e45881f0-d835-4f91-8d9d-ea1262d35e5d	PATCH	/users	http://localhost:3000
20240722	17:55:06	643f152d-2b9f-4a35-95b9-39a72cca0648	GET	/users	http://localhost:3000
20240722	17:56:01	f3dfdc3f-fb2c-4db6-8c19-808f6fc91a94	OPTIONS	/users	http://localhost:3000
20240722	17:56:01	74bf00f2-771c-4414-8857-323cf1ae0564	PATCH	/users	http://localhost:3000
20240722	17:56:01	00d29a0d-5bae-4bfc-9318-1d0c4e30c97f	GET	/users	http://localhost:3000
20240722	17:56:20	ac4f6c89-3cea-4233-9261-9a75b6c0c3dc	OPTIONS	/notes	http://localhost:3000
20240722	17:56:20	51aa214b-053e-42ae-aacb-6581e389d9c3	PATCH	/notes	http://localhost:3000
20240722	17:56:20	74152ea3-0548-49b5-baf7-ba552c2609c7	GET	/notes	http://localhost:3000
20240722	18:03:22	8901d37c-6171-4a93-b163-a0bfc41528d8	GET	/users	http://localhost:3000
20240722	18:03:22	686226dd-56aa-43bc-bc0e-d7bb37203276	GET	/notes	http://localhost:3000
20240722	18:05:57	d2096036-45de-43cb-807a-33761107fce1	GET	/notes	http://localhost:3000
20240722	18:06:13	cfa55ea5-86ac-48bc-a78f-27309384e8e8	GET	/notes	http://localhost:3000
20240722	18:06:29	8cf562cd-3b9b-43a4-9ffa-a8848354b99c	GET	/notes	http://localhost:3000
20240722	18:06:42	69299e4b-c1c6-457f-a89f-ba001d955e1e	GET	/notes	http://localhost:3000
20240722	18:06:58	ed329140-11d2-463b-b771-5794de46b31a	GET	/notes	http://localhost:3000
20240722	18:07:14	ff92158e-4663-42f5-a303-1cc72d34e965	GET	/notes	http://localhost:3000
20240722	18:07:30	be7bb363-42cc-4789-8608-ff61e8bb5727	GET	/notes	http://localhost:3000
20240722	18:07:46	c06730ee-23dd-4271-a647-f8b308a9dc5b	GET	/notes	http://localhost:3000
20240722	18:08:02	1e556483-0c86-4710-9bb4-174f58022567	GET	/notes	http://localhost:3000
20240722	18:08:18	36a3e2b4-c15a-4ab3-af5b-e67a4cd9c58e	GET	/notes	http://localhost:3000
20240722	18:08:34	691db841-8cfe-494e-844d-35ebebfe0171	GET	/notes	http://localhost:3000
20240722	18:08:50	dea8b193-2d96-427c-86d9-450ace40bc57	GET	/notes	http://localhost:3000
20240722	18:09:07	fad7912a-187b-40d4-ba72-685beb931fa0	GET	/notes	http://localhost:3000
20240722	18:09:23	453cfd50-b067-4d27-ae7b-e18fd826d439	GET	/notes	http://localhost:3000
20240722	18:09:39	d13929c1-0917-484a-82da-52c4ba72efcb	GET	/notes	http://localhost:3000
20240722	18:09:55	4b368ac4-fe76-49b1-abea-bd5447af6580	GET	/notes	http://localhost:3000
20240722	18:10:11	e7b6cde5-f502-4a87-82d0-291ea157aac1	GET	/notes	http://localhost:3000
20240722	18:10:27	1edc6311-1901-4b09-8b67-0bc9433027cd	GET	/notes	http://localhost:3000
20240722	18:10:43	1bea01e4-c53b-48ea-9d15-8254c225eb8b	GET	/notes	http://localhost:3000
20240722	18:11:00	b8574408-42d8-4fd2-9a2d-9829c316ccac	GET	/notes	http://localhost:3000
20240722	18:11:16	c3f46ae8-daeb-44bb-bcc9-896fc008c479	GET	/notes	http://localhost:3000
20240722	18:11:32	0b0136ca-2b16-4916-a4f8-c6076a601a11	GET	/notes	http://localhost:3000
20240722	18:11:48	bd17c552-b4fe-42ad-9fdb-f516560ea5df	GET	/notes	http://localhost:3000
20240722	18:12:04	375f2381-835c-4326-a1a0-7162355cb90d	GET	/notes	http://localhost:3000
20240722	18:12:20	029b4fbe-ce92-4525-9a8e-8329e7bfc33f	GET	/notes	http://localhost:3000
20240722	18:12:36	3d1f4e35-4387-4c9a-97df-3b12cb860a16	GET	/notes	http://localhost:3000
20240722	18:12:52	b7f542de-971f-4c92-ad35-5c35f7d6653e	GET	/notes	http://localhost:3000
20240722	18:13:08	9e377c6e-3cc1-43b0-81e0-5b278cd05774	GET	/notes	http://localhost:3000
20240722	18:13:26	e75a23b9-e405-43ba-908b-6d8bb1bbd98a	GET	/notes	http://localhost:3000
20240722	18:13:42	45c67b99-b3ed-407d-a3e6-f7c3b00ef908	GET	/notes	http://localhost:3000
20240722	18:13:58	ddfaed7d-a949-4adf-a8e6-06416418506e	GET	/notes	http://localhost:3000
20240722	18:14:14	468ccf52-7452-4c14-b294-d6e0293329a4	GET	/notes	http://localhost:3000
20240722	18:14:30	ff6c1c9a-455f-431e-bda5-6be98f8995ad	GET	/notes	http://localhost:3000
20240722	18:14:46	5c27f9e1-93f1-4bb4-bc03-bdd4f40cb011	GET	/notes	http://localhost:3000
20240722	18:15:02	e14b1a6d-7a45-4026-9f54-033e8e86b648	GET	/notes	http://localhost:3000
20240722	18:15:18	2693b84b-78f8-4a20-b188-dd71ae24a318	GET	/notes	http://localhost:3000
20240722	18:15:34	63869c8d-3cd3-47b6-aac5-db173ed352bf	GET	/notes	http://localhost:3000
20240722	18:15:50	bfa97ec1-2fdf-4984-bf47-d50737035029	GET	/notes	http://localhost:3000
20240722	18:16:06	1b4c891b-94a7-4e97-8b30-2295d51a4878	GET	/notes	http://localhost:3000
20240722	18:16:22	db06a3e8-0509-49e7-933b-f2b7bc1255f2	GET	/notes	http://localhost:3000
20240722	18:16:38	ac501283-16ed-4e9e-a7a8-024110537400	GET	/notes	http://localhost:3000
20240722	18:17:00	68a7f5d4-85a4-4423-a00e-1354b2b4a8f2	GET	/notes	http://localhost:3000
20240722	18:17:00	e62d95dc-ce6f-4e4b-aa05-ca63b31dfcfb	GET	/users	http://localhost:3000
20240722	18:17:16	5451f76f-8b75-4d5e-96f5-797a63261612	GET	/notes	http://localhost:3000
20240722	18:17:32	87d76fc1-404c-48b2-b2ee-e7846ad3c5ed	GET	/notes	http://localhost:3000
20240722	18:17:48	67b06d6e-3490-40f0-a465-ed3b92b98422	GET	/notes	http://localhost:3000
20240722	18:18:04	9b0f6506-fef7-4b30-896f-bdb17453e90c	GET	/notes	http://localhost:3000
20240722	18:18:20	f646a685-d0dd-4d56-98dc-8cc6a66e02a2	GET	/notes	http://localhost:3000
20240722	18:18:36	fd00f571-3041-481a-9404-0ecdc03d2c64	GET	/notes	http://localhost:3000
20240722	18:18:52	47659c78-cfef-4613-a00d-6e37a036cc76	GET	/notes	http://localhost:3000
20240722	18:19:08	d6a1f9e1-454e-4d96-9692-911074a750ce	GET	/notes	http://localhost:3000
20240722	18:19:26	f877e194-881a-46d9-8c55-08ba11cf9397	GET	/notes	http://localhost:3000
20240722	18:19:42	0bfb4481-367c-423d-ae95-c9904d845429	GET	/notes	http://localhost:3000
20240722	18:19:58	04c3d9ce-e566-4dac-a822-446144e9b35f	GET	/notes	http://localhost:3000
20240722	18:20:14	7766ace5-4c77-4ed8-8c17-6fb4c2c12e4e	GET	/notes	http://localhost:3000
20240722	18:20:30	ed27d4d1-7b9e-4059-a648-c6cbf67bfbc2	GET	/notes	http://localhost:3000
20240722	18:20:46	430f3b9e-d938-4f93-830b-a9d501db5220	GET	/notes	http://localhost:3000
20240722	18:21:02	a9deffdc-1db0-4bc5-ab7a-ae0187417e2f	GET	/notes	http://localhost:3000
20240722	18:21:18	75d7df57-21be-4e49-8e47-52cc9361461e	GET	/notes	http://localhost:3000
20240722	18:21:34	6c78f890-f87c-48ca-aae1-3a4412ad088d	GET	/notes	http://localhost:3000
20240722	18:21:51	49f7b5ee-ad58-4709-850b-57655bc0655d	GET	/notes	http://localhost:3000
20240722	18:22:08	5d4b0b0f-5014-434f-a47f-01525378dad4	GET	/notes	http://localhost:3000
20240722	18:22:26	fbb3ac5b-9a3c-493f-91b4-bba5bfc36630	GET	/notes	http://localhost:3000
20240722	18:22:42	c10c7f5f-5fd1-4b80-8a4c-17fd83e18957	GET	/notes	http://localhost:3000
20240722	18:22:58	cb2140a3-fe59-49db-9acc-beb6ca0fbaf4	GET	/notes	http://localhost:3000
20240722	18:23:14	a86c3b43-901f-4239-b8c3-e3f2283108d7	GET	/notes	http://localhost:3000
20240722	18:23:32	cdc263b6-2e42-41c8-a20d-cb90b58f9110	GET	/notes	http://localhost:3000
20240722	18:23:48	ce93beaf-c192-400e-8041-0ae259867593	GET	/notes	http://localhost:3000
20240722	18:24:04	6cf5a4e3-81ec-47b2-b612-5703a7083284	GET	/notes	http://localhost:3000
20240722	18:24:20	8080f52d-ba1e-4f3c-a0ac-fc786b304ced	GET	/notes	http://localhost:3000
20240722	18:24:36	d153e6f4-569d-405c-92a9-6959465f0c4c	GET	/notes	http://localhost:3000
20240722	18:24:52	b8c962e5-0650-4ece-980d-8a5a7f98d77c	GET	/notes	http://localhost:3000
20240722	18:25:08	47f48f11-f44e-434c-b84b-195fe5ad4bfa	GET	/notes	http://localhost:3000
20240722	18:25:24	3d19094c-00a9-4812-9ea2-9ab3c78e4f2b	GET	/notes	http://localhost:3000
20240722	18:25:44	4eb0128e-83c5-4dcc-bf80-0f8bac5d2f88	GET	/notes	http://localhost:3000
20240722	18:26:00	91f51ef4-3c45-4731-9d96-b0bd183e5617	GET	/notes	http://localhost:3000
20240722	18:26:16	e72c1589-2a68-4317-bc39-f9a778d886a9	GET	/notes	http://localhost:3000
20240722	18:26:32	b75d59b1-e7b0-453f-aae7-65cb56766a96	GET	/notes	http://localhost:3000
20240722	18:26:48	35701d6c-cf47-4749-9b53-28ee090d0635	GET	/notes	http://localhost:3000
20240722	18:27:04	996d318b-a2c0-4820-ab51-fdb83e1bdb8f	GET	/notes	http://localhost:3000
20240722	18:27:20	2ddb3872-a039-40df-88e6-fc2c611e0cf3	GET	/notes	http://localhost:3000
20240722	18:27:36	9d6f16b9-0045-443e-9825-f8326a509c2e	GET	/notes	http://localhost:3000
20240722	18:27:52	ce19173e-3106-4318-9083-aa8e3966ea14	GET	/notes	http://localhost:3000
20240722	18:28:08	8e7f6cc2-62c8-47d4-8115-da03bc33f73b	GET	/notes	http://localhost:3000
20240722	18:28:24	eb0f6eed-3e4a-4c67-8b77-9a8f1e69efd0	GET	/notes	http://localhost:3000
20240722	18:28:40	f556bbb0-39d9-4717-b342-49806f3de9ef	GET	/notes	http://localhost:3000
20240722	18:28:56	b345ae9d-df9c-4723-ac4d-903e30e143c1	GET	/notes	http://localhost:3000
20240722	18:29:12	30d317f1-833b-4cbf-9514-d493bf47ffbf	GET	/notes	http://localhost:3000
20240722	18:29:28	8ecfdb78-8c4a-4a42-8e8b-62505e00c84d	GET	/notes	http://localhost:3000
20240722	18:29:44	596c902c-5d85-4a3e-9ac7-ba37b6fba4ea	GET	/notes	http://localhost:3000
20240722	18:30:00	27d1b4f4-2449-4165-b982-58553211f66c	GET	/notes	http://localhost:3000
20240722	18:30:16	69dcecb3-10dd-4c2f-9800-76e76475e017	GET	/notes	http://localhost:3000
20240722	18:30:32	674d7077-c916-44ab-9c40-6b050d8036a4	GET	/notes	http://localhost:3000
20240722	18:30:48	fbfd92d8-65a2-41af-8937-8ea6b663da8c	GET	/notes	http://localhost:3000
20240722	18:31:04	f4f11533-1aef-4665-81aa-ce31a6d0b27e	GET	/notes	http://localhost:3000
20240722	18:31:20	04026bee-592f-462a-be3b-83534443d1f2	GET	/notes	http://localhost:3000
20240722	18:31:36	dcc54bc9-5f06-4551-a5ff-402f63298ccb	GET	/notes	http://localhost:3000
20240722	18:31:52	18d4c97b-e2cb-4293-b4a0-affd9c7efa12	GET	/notes	http://localhost:3000
20240722	18:32:08	2d8c0a92-ee16-4e73-ae1d-ed5cbb9263d6	GET	/notes	http://localhost:3000
20240722	18:32:24	b48e977e-b7be-46dc-a1ea-af20dafef40e	GET	/notes	http://localhost:3000
20240722	18:44:56	b4493f8f-2437-4e6a-b61b-7cfe120ea328	GET	/notes	http://localhost:3000
20240722	18:45:12	919f51a7-a87e-4026-a7dd-1e1c223ad54f	GET	/notes	http://localhost:3000
20240722	18:45:29	15135092-ec0b-4135-9e52-ea5290d4ff84	GET	/notes	http://localhost:3000
20240722	18:45:46	8c5e7407-be6a-4221-80c3-9ce629ed0211	GET	/notes	http://localhost:3000
20240722	18:46:02	024cf8a2-dfaa-4ad9-bf0b-a18550d65e01	GET	/notes	http://localhost:3000
20240722	18:46:18	a7b2d954-9a7d-4ec0-9874-8e992d0a8005	GET	/notes	http://localhost:3000
20240722	18:46:34	84ec5611-7bb6-41ed-81ab-37d25203464e	GET	/notes	http://localhost:3000
20240722	18:46:50	53e2f5be-c279-4da0-ba64-b8ed27c73dc9	GET	/notes	http://localhost:3000
20240722	18:47:06	f22f1dfc-a453-4adf-9a69-3a2055f8223b	GET	/notes	http://localhost:3000
20240722	18:47:22	9c4a04a8-31b0-4ce9-b8c4-9458cf62503a	GET	/notes	http://localhost:3000
20240722	18:47:38	fb505e3b-0a16-4df4-b465-1a82b128d213	GET	/notes	http://localhost:3000
20240722	18:47:54	6ccc31c2-4c60-4f1a-83a8-55d7f4e5901e	GET	/notes	http://localhost:3000
20240722	18:48:10	4cb6d66e-3da0-40e0-aec5-105262912bce	GET	/notes	http://localhost:3000
20240722	18:48:26	d46caa8c-8726-4624-908e-67e7c993109c	GET	/notes	http://localhost:3000
20240722	18:48:42	ea91a0ac-dad6-44d2-b255-53e25ee3e82b	GET	/notes	http://localhost:3000
20240722	18:48:58	9eb77d59-9729-48ef-ab5f-f1e2ac81f107	GET	/notes	http://localhost:3000
20240722	18:49:14	bb74a929-e1da-4553-a653-a32b0d7219cc	GET	/notes	http://localhost:3000
20240722	18:49:30	eeedb661-15af-41fb-883f-edf2a0e17dd6	GET	/notes	http://localhost:3000
20240722	18:49:46	7fb2283c-ed27-4930-bffa-2e600a82f939	GET	/notes	http://localhost:3000
20240722	18:50:02	c8678c92-b4a1-4817-980b-d6c9a1a80ec6	GET	/notes	http://localhost:3000
20240722	18:50:18	88d7a884-41bc-49cb-81ed-9e87edfa87e3	GET	/notes	http://localhost:3000
20240722	18:50:34	46ec139c-1bb3-4203-a84b-86b866f3dfa8	GET	/notes	http://localhost:3000
20240722	18:50:50	170129ca-b42a-4703-b347-aef882326365	GET	/notes	http://localhost:3000
20240722	18:51:06	a170ab24-f9ea-444b-900b-46564db8d0c8	GET	/notes	http://localhost:3000
20240722	18:51:22	2426bfd4-f331-4bf0-9bf2-ea7faf38dec0	GET	/notes	http://localhost:3000
20240722	18:51:38	59b6905e-4d4b-4d46-9aad-b59851f6b3c7	GET	/notes	http://localhost:3000
20240722	18:51:54	3e2e38a5-e4e8-4ff0-8aff-3c7c483dd1e0	GET	/notes	http://localhost:3000
20240722	18:52:14	638ff66a-5445-424e-b62f-15138bf94635	GET	/notes	http://localhost:3000
20240722	18:52:30	5dfe7c45-79e6-4db2-8f3d-e14474d3899f	GET	/notes	http://localhost:3000
20240722	18:52:46	55caba12-d0a4-4d1a-8418-3daa1476dae5	GET	/notes	http://localhost:3000
20240722	18:53:03	cae5f49d-41a8-492e-a721-9ebd6f575925	GET	/notes	http://localhost:3000
20240722	18:53:19	c4bc4172-1d27-4c22-905f-788ab24e5078	GET	/notes	http://localhost:3000
20240722	18:53:35	34a8e900-3d93-4dc4-9cc8-8dd8c6184fda	GET	/notes	http://localhost:3000
20240722	18:53:51	986c9c0c-1d41-4cd3-89b5-649869f0d8e5	GET	/notes	http://localhost:3000
20240722	18:54:07	07b1cc77-58c8-4143-982c-912f23106f31	GET	/notes	http://localhost:3000
20240722	18:54:23	cc607d36-e8ef-4838-850c-dbb6b944bf5e	GET	/notes	http://localhost:3000
20240722	18:54:39	5103c4a7-6ece-4699-91f0-040d1da8539e	GET	/notes	http://localhost:3000
20240722	18:54:55	5fc9f23e-5264-4250-828d-a52d342c8fdd	GET	/notes	http://localhost:3000
20240722	18:55:12	178cb3a2-4f4c-431a-8d5e-043f959a5eb5	GET	/notes	http://localhost:3000
20240722	18:55:28	ba168a41-91ea-44cf-b89f-d727afbdadb9	GET	/notes	http://localhost:3000
20240722	18:55:44	577afbf1-19b8-4c8c-83ab-a07308d4a5db	GET	/notes	http://localhost:3000
20240722	18:56:00	7bab4eaf-18bf-4b8b-a532-8562e9e23dba	GET	/notes	http://localhost:3000
20240722	18:56:17	a382f975-afeb-4614-a74e-05c7f9a8b79b	GET	/notes	http://localhost:3000
20240722	18:56:33	b3b3a0ec-7fc9-45fa-94fa-41e49ca95ac6	GET	/notes	http://localhost:3000
20240722	18:56:49	a01668cf-0bd8-4242-bd6a-b21bcd5d2339	GET	/notes	http://localhost:3000
20240722	18:57:05	0b029589-ef11-4e3f-9463-147d431a0797	GET	/notes	http://localhost:3000
20240722	18:57:21	70db642f-c794-443f-8b24-63bbb377b71d	GET	/notes	http://localhost:3000
20240722	18:57:38	317e1614-e140-4a04-8c8e-8404e9c56f0b	GET	/notes	http://localhost:3000
20240722	18:57:54	14c205c4-dbd1-4472-bbd6-f8b1852c3dd2	GET	/notes	http://localhost:3000
20240722	18:58:10	d692f86c-2b7e-46e1-bfc5-2603af3dae43	GET	/notes	http://localhost:3000
20240722	18:58:26	63611397-c2cd-43de-bee6-9ccc8ab65fcc	GET	/notes	http://localhost:3000
20240722	18:58:43	5349190f-0a4c-478f-8db4-958c10b91c4a	GET	/notes	http://localhost:3000
20240722	18:59:00	33335356-ea50-49f1-b14c-07e8c1e2ddb9	GET	/notes	http://localhost:3000
20240722	18:59:17	9e48096a-28b2-4d14-b3d5-02ad1bb7672d	GET	/notes	http://localhost:3000
20240722	18:59:33	7ccc89f2-516c-4163-9b4e-4f1f7d50d8ef	GET	/notes	http://localhost:3000
20240722	18:59:49	a7fe9b5b-73a3-4f83-9022-bd48f47737d4	GET	/notes	http://localhost:3000
20240722	19:00:05	51435c41-77bf-49fa-a9a6-8f667d2578b5	GET	/notes	http://localhost:3000
20240722	19:00:22	4279a166-1d28-459d-b034-774b68bc94d5	GET	/notes	http://localhost:3000
20240722	19:00:38	afe7e031-2ea1-4874-9e1d-200d1758db6e	GET	/notes	http://localhost:3000
20240722	19:00:54	b8735a55-d639-49ce-b88d-5dac8ed03e8f	GET	/notes	http://localhost:3000
20240722	19:01:14	cc16626e-0214-4142-823f-86d69cbffcb7	GET	/notes	http://localhost:3000
20240722	19:01:30	5d12bd3a-4295-4f8d-8ef8-48e0f6dcce0e	GET	/notes	http://localhost:3000
20240722	19:01:49	2eafc58a-fe53-484e-b1e6-d7b771f45e86	GET	/notes	http://localhost:3000
20240722	19:02:41	5241dfeb-f038-4812-8799-9777dea40677	GET	/notes	http://localhost:3000
20240722	19:02:57	5a5cfbf0-b2c5-4cb5-a69e-25c66c5c0add	GET	/notes	http://localhost:3000
20240722	19:03:13	86f5e7f8-cddd-4665-8c41-51db2027e7b2	GET	/notes	http://localhost:3000
20240722	19:03:37	cb065b54-0b92-447a-adc1-b3364eecf64f	GET	/notes	http://localhost:3000
20240722	19:04:05	1fd1f874-4b28-4e41-8ca2-f6c44c28ce31	GET	/notes	http://localhost:3000
20240722	19:04:22	5407473c-630e-4b8d-91ef-167273149965	GET	/notes	http://localhost:3000
20240722	19:04:38	bf5f3433-fdeb-4f62-af08-f5e69706e1fd	GET	/notes	http://localhost:3000
20240722	19:04:54	82408dff-f392-440f-aeb0-dd90035448f0	GET	/notes	http://localhost:3000
20240722	19:05:10	7c1eb4ab-5e0c-4755-8eeb-ce7e76ba3a23	GET	/notes	http://localhost:3000
20240722	19:05:26	2892099a-1766-443a-8aaf-47d5e1d1bd0c	GET	/notes	http://localhost:3000
20240722	19:05:45	f6a41e72-368b-48ea-9993-62f089f148a2	GET	/notes	http://localhost:3000
20240722	19:06:01	835d8592-ed19-4333-aa6f-885fa53a3249	GET	/notes	http://localhost:3000
20240722	19:06:17	62ab595a-7f3c-4bee-b893-5c3137307b43	GET	/notes	http://localhost:3000
20240722	19:06:34	018376b8-ab97-443a-8b32-03671005f054	GET	/notes	http://localhost:3000
20240722	19:06:51	71a3ac0a-2892-481d-8551-e88f4ac4901b	GET	/notes	http://localhost:3000
20240722	19:07:07	710c9ee8-6a59-45be-9f7c-b008bdbae81e	GET	/notes	http://localhost:3000
20240722	19:07:23	7eaa3e92-742a-44cd-a05a-a099d25edeee	GET	/notes	http://localhost:3000
20240722	19:07:40	797b3eeb-fae0-4527-9fc6-ed531a0f47bd	GET	/notes	http://localhost:3000
20240722	19:08:12	9afbee40-ea8d-4198-aa09-94806077cf76	GET	/notes	http://localhost:3000
20240722	19:08:29	5f2d4f0d-88af-470e-94df-b259db0b3615	GET	/notes	http://localhost:3000
20240722	19:08:49	5317d7a7-f9a9-40df-832f-841e3db2ae2a	GET	/notes	http://localhost:3000
20240722	19:09:05	f71fe94a-a9c6-40fd-8f52-bff5c7be8d09	GET	/notes	http://localhost:3000
20240722	19:09:21	cb39a325-0dff-476b-8319-7a8855acd1aa	GET	/notes	http://localhost:3000
20240722	19:09:38	2796aadc-2514-446b-8e1a-9ad4d74a0af7	GET	/notes	http://localhost:3000
20240722	19:09:56	9ba7064c-bda9-4a74-ad6c-65bb9e36cafc	GET	/notes	http://localhost:3000
20240722	19:10:12	0ceb95fb-876a-49ca-8926-b548129e345b	GET	/notes	http://localhost:3000
20240722	19:10:28	20552be9-1101-411f-9c5c-85f4fd58034d	GET	/notes	http://localhost:3000
20240722	19:10:44	2e5e5d1b-28b9-433b-84a6-4d89e613e7af	GET	/notes	http://localhost:3000
20240722	19:11:00	90e96f65-2c74-4b84-bcac-7b291db313c7	GET	/notes	http://localhost:3000
20240722	19:11:16	38ff045a-1d12-4a17-b57b-15c117920aac	GET	/notes	http://localhost:3000
20240722	19:11:32	b496f45c-683a-4ec5-ac69-e6a3e42101ac	GET	/notes	http://localhost:3000
20240722	19:11:48	08b548fc-b9b8-478a-ad1c-ab8f347a8425	GET	/notes	http://localhost:3000
20240722	19:12:04	6e37e6ec-afa7-4707-9585-1b3d60cbeee9	GET	/notes	http://localhost:3000
20240722	19:12:20	babd5d35-8edb-4bce-b473-de385bccf3af	GET	/notes	http://localhost:3000
20240722	19:12:36	9073aa98-75ea-4414-83e0-768f0ba58785	GET	/notes	http://localhost:3000
20240722	19:12:54	f768a5bc-8d31-4c25-bacf-8b78999353d7	GET	/notes	http://localhost:3000
20240722	19:13:10	8ca1be18-0bfe-41f6-b64e-2000160fbb4e	GET	/notes	http://localhost:3000
20240722	19:13:26	dd36efce-192e-43b7-af61-02ebaf304346	GET	/notes	http://localhost:3000
20240722	19:13:43	aea5eb53-6b39-4b91-b16e-5c8c4bf38c6d	GET	/notes	http://localhost:3000
20240722	19:13:59	4bffad38-75f4-4500-aa8e-ecb988430801	GET	/notes	http://localhost:3000
20240722	19:14:15	684630ec-fa37-4e68-8f85-de7445e91ef2	GET	/notes	http://localhost:3000
20240722	19:14:31	a5fe400c-33a5-4bf3-ae83-518db37c883e	GET	/notes	http://localhost:3000
20240722	19:14:47	4dd833f2-b724-42e9-a111-ef7ce9f74c58	GET	/notes	http://localhost:3000
20240722	19:15:19	19d9f7c1-d40a-41ff-a81c-124403c7400a	GET	/notes	http://localhost:3000
20240722	19:15:35	4d1ac494-f11a-47d3-93c6-58461bca3f0a	GET	/notes	http://localhost:3000
20240722	19:15:51	8488d1cb-8ec8-438b-8ae2-35d5c9ddb202	GET	/notes	http://localhost:3000
20240722	19:16:07	c81fd099-0dbd-4dda-a89d-f34203ffad83	GET	/notes	http://localhost:3000
20240722	19:16:23	c807b1dd-937a-4a61-ad28-0523837f434a	GET	/notes	http://localhost:3000
